[    0.000000] Initializing cgroup subsys cpuset
[    0.000000] Initializing cgroup subsys cpu
[    0.000000] Initializing cgroup subsys cpuacct
[    0.000000] Linux version 4.4.0-154-generic (buildd@lgw01-amd64-049) (gcc version 5.4.0 20160609 (Ubuntu 5.4.0-6ubuntu1~16.04.10) ) #181-Ubuntu SMP Tue Jun 25 05:29:03 UTC 2019 (Ubuntu 4.4.0-154.181-generic 4.4.179)
[    0.000000] Command line: BOOT_IMAGE=/boot/vmlinuz-4.4.0-154-generic root=LABEL=cloudimg-rootfs ro console=tty1 console=ttyS0
[    0.000000] KERNEL supported cpus:
[    0.000000]   Intel GenuineIntel
[    0.000000]   AMD AuthenticAMD
[    0.000000]   Centaur CentaurHauls
[    0.000000] x86/fpu: Legacy x87 FPU detected.
[    0.000000] e820: BIOS-provided physical RAM map:
[    0.000000] BIOS-e820: [mem 0x0000000000000000-0x000000000009fbff] usable
[    0.000000] BIOS-e820: [mem 0x000000000009fc00-0x000000000009ffff] reserved
[    0.000000] BIOS-e820: [mem 0x00000000000f0000-0x00000000000fffff] reserved
[    0.000000] BIOS-e820: [mem 0x0000000000100000-0x000000002cfeffff] usable
[    0.000000] BIOS-e820: [mem 0x000000002cff0000-0x000000002cffffff] ACPI data
[    0.000000] BIOS-e820: [mem 0x00000000fec00000-0x00000000fec00fff] reserved
[    0.000000] BIOS-e820: [mem 0x00000000fee00000-0x00000000fee00fff] reserved
[    0.000000] BIOS-e820: [mem 0x00000000fffc0000-0x00000000ffffffff] reserved
[    0.000000] NX (Execute Disable) protection: active
[    0.000000] SMBIOS 2.5 present.
[    0.000000] Hypervisor detected: KVM
[    0.000000] e820: last_pfn = 0x2cff0 max_arch_pfn = 0x400000000
[    0.000000] MTRR: Disabled
[    0.000000] x86/PAT: MTRRs disabled, skipping PAT initialization too.
[    0.000000] CPU MTRRs all blank - virtualized system.
[    0.000000] x86/PAT: Configuration [0-7]: WB  WT  UC- UC  WB  WT  UC- UC  
[    0.000000] found SMP MP-table at [mem 0x0009fff0-0x0009ffff] mapped at [ffff88000009fff0]
[    0.000000] Scanning 1 areas for low memory corruption
[    0.000000] RAMDISK: [mem 0x2b8be000-0x2c738fff]
[    0.000000] ACPI: Early table checksum verification disabled
[    0.000000] ACPI: RSDP 0x00000000000E0000 000024 (v02 VBOX  )
[    0.000000] ACPI: XSDT 0x000000002CFF0030 00003C (v01 VBOX   VBOXXSDT 00000001 ASL  00000061)
[    0.000000] ACPI: FACP 0x000000002CFF00F0 0000F4 (v04 VBOX   VBOXFACP 00000001 ASL  00000061)
[    0.000000] ACPI: DSDT 0x000000002CFF0470 0021FF (v02 VBOX   VBOXBIOS 00000002 INTL 20180105)
[    0.000000] ACPI: FACS 0x000000002CFF0200 000040
[    0.000000] ACPI: FACS 0x000000002CFF0200 000040
[    0.000000] ACPI: APIC 0x000000002CFF0240 000054 (v02 VBOX   VBOXAPIC 00000001 ASL  00000061)
[    0.000000] ACPI: SSDT 0x000000002CFF02A0 0001CC (v01 VBOX   VBOXCPUT 00000002 INTL 20180105)
[    0.000000] No NUMA configuration found
[    0.000000] Faking a node at [mem 0x0000000000000000-0x000000002cfeffff]
[    0.000000] NODE_DATA(0) allocated [mem 0x2cfeb000-0x2cfeffff]
[    0.000000] kvm-clock: Using msrs 4b564d01 and 4b564d00
[    0.000000] kvm-clock: cpu 0, msr 0:2cfe3001, primary cpu clock
[    0.000000] kvm-clock: using sched offset of 6047119167 cycles
[    0.000000] clocksource: kvm-clock: mask: 0xffffffffffffffff max_cycles: 0x1cd42e4dffb, max_idle_ns: 881590591483 ns
[    0.000000] Zone ranges:
[    0.000000]   DMA      [mem 0x0000000000001000-0x0000000000ffffff]
[    0.000000]   DMA32    [mem 0x0000000001000000-0x000000002cfeffff]
[    0.000000]   Normal   empty
[    0.000000]   Device   empty
[    0.000000] Movable zone start for each node
[    0.000000] Early memory node ranges
[    0.000000]   node   0: [mem 0x0000000000001000-0x000000000009efff]
[    0.000000]   node   0: [mem 0x0000000000100000-0x000000002cfeffff]
[    0.000000] Initmem setup node 0 [mem 0x0000000000001000-0x000000002cfeffff]
[    0.000000] ACPI: PM-Timer IO Port: 0x4008
[    0.000000] IOAPIC[0]: apic_id 1, version 32, address 0xfec00000, GSI 0-23
[    0.000000] ACPI: INT_SRC_OVR (bus 0 bus_irq 0 global_irq 2 dfl dfl)
[    0.000000] ACPI: INT_SRC_OVR (bus 0 bus_irq 9 global_irq 9 low level)
[    0.000000] Using ACPI (MADT) for SMP configuration information
[    0.000000] smpboot: Allowing 1 CPUs, 0 hotplug CPUs
[    0.000000] PM: Registered nosave memory: [mem 0x00000000-0x00000fff]
[    0.000000] PM: Registered nosave memory: [mem 0x0009f000-0x0009ffff]
[    0.000000] PM: Registered nosave memory: [mem 0x000a0000-0x000effff]
[    0.000000] PM: Registered nosave memory: [mem 0x000f0000-0x000fffff]
[    0.000000] e820: [mem 0x2d000000-0xfebfffff] available for PCI devices
[    0.000000] Booting paravirtualized kernel on KVM
[    0.000000] clocksource: refined-jiffies: mask: 0xffffffff max_cycles: 0xffffffff, max_idle_ns: 7645519600211568 ns
[    0.000000] setup_percpu: NR_CPUS:512 nr_cpumask_bits:512 nr_cpu_ids:1 nr_node_ids:1
[    0.000000] PERCPU: Embedded 34 pages/cpu @ffff88002cc00000 s99480 r8192 d31592 u2097152
[    0.000000] Built 1 zonelists in Node order, mobility grouping on.  Total pages: 181304
[    0.000000] Policy zone: DMA32
[    0.000000] Kernel command line: BOOT_IMAGE=/boot/vmlinuz-4.4.0-154-generic root=LABEL=cloudimg-rootfs ro console=tty1 console=ttyS0
[    0.000000] PID hash table entries: 4096 (order: 3, 32768 bytes)
[    0.000000] Memory: 690668K/736824K available (8613K kernel code, 1335K rwdata, 4028K rodata, 1484K init, 1284K bss, 46156K reserved, 0K cma-reserved)
[    0.000000] SLUB: HWalign=64, Order=0-3, MinObjects=0, CPUs=1, Nodes=1
[    0.000000] Kernel/User page tables isolation: enabled
[    0.000000] Hierarchical RCU implementation.
[    0.000000] 	Build-time adjustment of leaf fanout to 64.
[    0.000000] 	RCU restricting CPUs from NR_CPUS=512 to nr_cpu_ids=1.
[    0.000000] RCU: Adjusting geometry for rcu_fanout_leaf=64, nr_cpu_ids=1
[    0.000000] NR_IRQS:33024 nr_irqs:256 16
[    0.000000] Console: colour VGA+ 80x25
[    0.000000] console [tty1] enabled
[    0.000000] console [ttyS0] enabled
[    0.000000] tsc: Detected 2992.498 MHz processor
[    0.420164] Calibrating delay loop (skipped) preset value.. 5984.99 BogoMIPS (lpj=11969992)
[    0.423196] pid_max: default: 32768 minimum: 301
[    0.424761] ACPI: Core revision 20150930
[    0.427458] ACPI: 2 ACPI AML tables successfully acquired and loaded
[    0.429725] Security Framework initialized
[    0.431195] Yama: becoming mindful.
[    0.432592] AppArmor: AppArmor initialized
[    0.434245] Dentry cache hash table entries: 131072 (order: 8, 1048576 bytes)
[    0.436770] Inode-cache hash table entries: 65536 (order: 7, 524288 bytes)
[    0.439087] Mount-cache hash table entries: 2048 (order: 2, 16384 bytes)
[    0.441172] Mountpoint-cache hash table entries: 2048 (order: 2, 16384 bytes)
[    0.443728] Initializing cgroup subsys io
[    0.445199] Initializing cgroup subsys memory
[    0.482310] Initializing cgroup subsys devices
[    0.483850] Initializing cgroup subsys freezer
[    0.485416] Initializing cgroup subsys net_cls
[    0.486948] Initializing cgroup subsys perf_event
[    0.488559] Initializing cgroup subsys net_prio
[    0.490112] Initializing cgroup subsys hugetlb
[    0.501679] Initializing cgroup subsys pids
[    0.503255] mce: CPU supports 0 MCE banks
[    0.504756] process: using mwait in idle threads
[    0.506339] Last level iTLB entries: 4KB 128, 2MB 4, 4MB 4
[    0.508123] Last level dTLB entries: 4KB 256, 2MB 0, 4MB 32, 1GB 0
[    0.510051] Spectre V2 : Mitigation: Full generic retpoline
[    0.511861] Spectre V2 : Spectre v2 / SpectreRSB mitigation: Filling RSB on context switch
[    0.514721] Speculative Store Bypass: Vulnerable
[    0.517169] MDS: Vulnerable: Clear CPU buffers attempted, no microcode
[    0.964008] Freeing SMP alternatives memory: 36K
[    1.003557] ftrace: allocating 32299 entries in 127 pages
[    1.110150] smpboot: APIC(0) Converting physical 0 to logical package 0
[    1.122576] smpboot: Max logical packages: 1
[    1.124677] x2apic enabled
[    1.126353] Switched APIC routing to physical x2apic.
[    1.130366] ..TIMER: vector=0x30 apic1=0 pin1=2 apic2=-1 pin2=-1
[    1.161361] APIC calibration not consistent with PM-Timer: 196ms instead of 100ms
[    1.172449] APIC delta adjusted to PM-Timer: 6250021 (12250744)
[    1.174399] smpboot: CPU0: Intel(R) Core(TM)2 Duo CPU     E8400  @ 3.00GHz (family: 0x6, model: 0x17, stepping: 0xa)
[    1.208571] Performance Events: unsupported p6 CPU model 23 no PMU driver, software events only.
[    1.337999] KVM setup paravirtual spinlock
[    1.340939] x86: Booted up 1 node, 1 CPUs
[    1.342405] smpboot: Total of 1 processors activated (5984.99 BogoMIPS)
[    1.344931] devtmpfs: initialized
[    1.348952] evm: security.selinux
[    1.350261] evm: security.SMACK64
[    1.351562] evm: security.SMACK64EXEC
[    1.352931] evm: security.SMACK64TRANSMUTE
[    1.354390] evm: security.SMACK64MMAP
[    1.355763] evm: security.ima
[    1.356960] evm: security.capability
[    1.358449] clocksource: jiffies: mask: 0xffffffff max_cycles: 0xffffffff, max_idle_ns: 7645041785100000 ns
[    1.361690] futex hash table entries: 256 (order: 2, 16384 bytes)
[    1.363732] pinctrl core: initialized pinctrl subsystem
[    1.365636] RTC time: 16:31:13, date: 08/22/19
[    1.367453] NET: Registered protocol family 16
[    1.369270] cpuidle: using governor ladder
[    1.370771] cpuidle: using governor menu
[    1.372189] PCCT header not found.
[    1.373529] ACPI: bus type PCI registered
[    1.374981] acpiphp: ACPI Hot Plug PCI Controller Driver version: 0.5
[    1.377097] PCI: Using configuration type 1 for base access
[    1.380467] ACPI: Added _OSI(Module Device)
[    1.417509] ACPI: Added _OSI(Processor Device)
[    1.419048] ACPI: Added _OSI(3.0 _SCP Extensions)
[    1.420657] ACPI: Added _OSI(Processor Aggregator Device)
[    1.442450] ACPI: Executed 1 blocks of module-level executable AML code
[    1.447017] ACPI: Interpreter enabled
[    1.448387] ACPI: (supports S0 S5)
[    1.449710] ACPI: Using IOAPIC for interrupt routing
[    1.454276] PCI: Using host bridge windows from ACPI; if necessary, use "pci=nocrs" and report a bug
[    1.461776] ACPI: PCI Root Bridge [PCI0] (domain 0000 [bus 00-ff])
[    1.463725] acpi PNP0A03:00: _OSC: OS supports [ASPM ClockPM Segments MSI]
[    1.465831] acpi PNP0A03:00: _OSC: not requesting OS control; OS requires [ExtendedConfig ASPM ClockPM MSI]
[    1.469044] acpi PNP0A03:00: fail to add MMCONFIG information, can't access extended PCI configuration space under this bridge.
[    1.483015] PCI host bridge to bus 0000:00
[    1.484477] pci_bus 0000:00: root bus resource [io  0x0000-0x0cf7 window]
[    1.522113] pci_bus 0000:00: root bus resource [io  0x0d00-0xffff window]
[    1.524183] pci_bus 0000:00: root bus resource [mem 0x000a0000-0x000bffff window]
[    1.526868] pci_bus 0000:00: root bus resource [mem 0x2d000000-0xfdffffff window]
[    1.529557] pci_bus 0000:00: root bus resource [bus 00-ff]
[    1.533747] pci 0000:00:01.1: legacy IDE quirk: reg 0x10: [io  0x01f0-0x01f7]
[    1.535903] pci 0000:00:01.1: legacy IDE quirk: reg 0x14: [io  0x03f6]
[    1.537917] pci 0000:00:01.1: legacy IDE quirk: reg 0x18: [io  0x0170-0x0177]
[    1.540064] pci 0000:00:01.1: legacy IDE quirk: reg 0x1c: [io  0x0376]
[    1.562208] pci 0000:00:07.0: quirk: [io  0x4000-0x403f] claimed by PIIX4 ACPI
[    1.573238] pci 0000:00:07.0: quirk: [io  0x4100-0x410f] claimed by PIIX4 SMB
[    1.582065] ACPI: PCI Interrupt Link [LNKA] (IRQs 5 9 10 *11)
[    1.584871] ACPI: PCI Interrupt Link [LNKB] (IRQs 5 9 *10 11)
[    1.587393] ACPI: PCI Interrupt Link [LNKC] (IRQs 5 *9 10 11)
[    1.637068] ACPI: PCI Interrupt Link [LNKD] (IRQs 5 9 10 *11)
[    1.643089] ACPI: Enabled 2 GPEs in block 00 to 07
[    1.645623] vgaarb: setting as boot device: PCI:0000:00:02.0
[    1.651865] vgaarb: device added: PCI:0000:00:02.0,decodes=io+mem,owns=io+mem,locks=none
[    1.654707] vgaarb: loaded
[    1.655870] vgaarb: bridge control possible 0000:00:02.0
[    1.658241] SCSI subsystem initialized
[    1.660041] ACPI: bus type USB registered
[    1.671581] usbcore: registered new interface driver usbfs
[    1.734358] usbcore: registered new interface driver hub
[    1.743938] usbcore: registered new device driver usb
[    1.747409] PCI: Using ACPI for IRQ routing
[    1.752798] NetLabel: Initializing
[    1.756466] NetLabel:  domain hash size = 128
[    1.781529] NetLabel:  protocols = UNLABELED CIPSOv4
[    1.783232] NetLabel:  unlabeled traffic allowed by default
[    1.785458] amd_nb: Cannot enumerate AMD northbridges
[    1.787245] clocksource: Switched to clocksource kvm-clock
[    1.831353] AppArmor: AppArmor Filesystem Enabled
[    1.852201] pnp: PnP ACPI init
[    1.854847] pnp: PnP ACPI: found 3 devices
[    1.863701] clocksource: acpi_pm: mask: 0xffffff max_cycles: 0xffffff, max_idle_ns: 2085701024 ns
[    1.892912] NET: Registered protocol family 2
[    1.894918] TCP established hash table entries: 8192 (order: 4, 65536 bytes)
[    1.897167] TCP bind hash table entries: 8192 (order: 5, 131072 bytes)
[    1.899240] TCP: Hash tables configured (established 8192 bind 8192)
[    1.936770] UDP hash table entries: 512 (order: 2, 16384 bytes)
[    1.938708] UDP-Lite hash table entries: 512 (order: 2, 16384 bytes)
[    1.940839] NET: Registered protocol family 1
[    1.942423] pci 0000:00:00.0: Limiting direct PCI/PCI transfers
[    1.944366] pci 0000:00:01.0: Activating ISA DMA hang workarounds
[    1.946566] Unpacking initramfs...
[    2.296077] Freeing initrd memory: 14828K
[    2.312266] clocksource: tsc: mask: 0xffffffffffffffff max_cycles: 0x2b2296bc2b9, max_idle_ns: 440795321505 ns
[    2.359094] platform rtc_cmos: registered platform RTC device (no PNP device found)
[    2.362114] Scanning for low memory corruption every 60 seconds
[    2.364512] audit: initializing netlink subsys (disabled)
[    2.366429] audit: type=2000 audit(1566491480.699:1): initialized
[    2.368869] Initialise system trusted keyring
[    2.370659] HugeTLB registered 2 MB page size, pre-allocated 0 pages
[    2.374472] zbud: loaded
[    2.376006] VFS: Disk quotas dquot_6.6.0
[    2.377582] VFS: Dquot-cache hash table entries: 512 (order 0, 4096 bytes)
[    2.380137] squashfs: version 4.0 (2009/01/31) Phillip Lougher
[    2.393093] fuse init (API version 7.23)
[    2.394752] Key type big_key registered
[    2.396261] Allocating IMA MOK and blacklist keyrings.
[    2.398511] Key type asymmetric registered
[    2.400080] Asymmetric key parser 'x509' registered
[    2.401850] Block layer SCSI generic (bsg) driver version 0.4 loaded (major 249)
[    2.404662] io scheduler noop registered
[    2.406189] io scheduler deadline registered (default)
[    2.408001] io scheduler cfq registered
[    2.409684] pci_hotplug: PCI Hot Plug PCI Core version: 0.5
[    2.421623] pciehp: PCI Express Hot Plug Controller Driver version: 0.4
[    2.423984] ACPI: AC Adapter [AC] (on-line)
[    2.425617] input: Power Button as /devices/LNXSYSTM:00/LNXPWRBN:00/input/input0
[    2.463919] ACPI: Power Button [PWRF]
[    2.465366] input: Sleep Button as /devices/LNXSYSTM:00/LNXSLPBN:00/input/input1
[    2.468029] ACPI: Sleep Button [SLPF]
[    2.469634] GHES: HEST is not enabled!
[    2.471143] Serial: 8250/16550 driver, 32 ports, IRQ sharing enabled
[    2.496481] 00:02: ttyS0 at I/O 0x3f8 (irq = 4, base_baud = 115200) is a 16550A
[    2.500491] Linux agpgart interface v0.103
[    2.503442] loop: module loaded
[    2.505512] scsi host0: ata_piix
[    2.506888] scsi host1: ata_piix
[    2.508236] ata1: PATA max UDMA/33 cmd 0x1f0 ctl 0x3f6 bmdma 0xd000 irq 14
[    2.510338] ata2: PATA max UDMA/33 cmd 0x170 ctl 0x376 bmdma 0xd008 irq 15
[    2.568144] libphy: Fixed MDIO Bus: probed
[    2.569620] tun: Universal TUN/TAP device driver, 1.6
[    2.571287] tun: (C) 1999-2004 Max Krasnyansky <maxk@qualcomm.com>
[    2.573285] PPP generic driver version 2.4.2
[    2.574921] ehci_hcd: USB 2.0 'Enhanced' Host Controller (EHCI) Driver
[    2.576974] ehci-pci: EHCI PCI platform driver
[    2.578529] ehci-platform: EHCI generic platform driver
[    2.580280] ohci_hcd: USB 1.1 'Open' Host Controller (OHCI) Driver
[    2.582243] ohci-pci: OHCI PCI platform driver
[    2.583793] ohci-platform: OHCI generic platform driver
[    2.585563] uhci_hcd: USB Universal Host Controller Interface driver
[    2.587603] i8042: PNP: PS/2 Controller [PNP0303:PS2K,PNP0f03:PS2M] at 0x60,0x64 irq 1,12
[    2.591182] serio: i8042 KBD port at 0x60,0x64 irq 1
[    2.592880] serio: i8042 AUX port at 0x60,0x64 irq 12
[    2.594688] mousedev: PS/2 mouse device common for all mice
[    2.596941] input: AT Translated Set 2 keyboard as /devices/platform/i8042/serio0/input/input2
[    2.600262] rtc_cmos rtc_cmos: rtc core: registered rtc_cmos as rtc0
[    2.612609] rtc_cmos rtc_cmos: alarms up to one day, 114 bytes nvram
[    2.614593] i2c /dev entries driver
[    2.616013] device-mapper: uevent: version 1.0.3
[    2.617682] device-mapper: ioctl: 4.34.0-ioctl (2015-10-28) initialised: dm-devel@redhat.com
[    2.620647] ledtrig-cpu: registered to indicate activity on CPUs
[    2.622905] NET: Registered protocol family 10
[    2.624827] NET: Registered protocol family 17
[    2.626386] Key type dns_resolver registered
[    2.628169] registered taskstats version 1
[    2.629704] Loading compiled-in X.509 certificates
[    2.632275] Loaded X.509 cert 'Build time autogenerated kernel key: 65139e04a67245b562a838c28b5e7032abdd4348'
[    2.635591] zswap: loaded using pool lzo/zbud
[    2.679782] Key type trusted registered
[    2.704854] Key type encrypted registered
[    2.706413] AppArmor: AppArmor sha1 policy hashing enabled
[    2.708244] ima: No TPM chip found, activating TPM-bypass!
[    2.710044] ima: Allocated hash algorithm: sha1
[    2.711673] evm: HMAC attrs: 0x1
[    2.713353]   Magic number: 15:839:540
[    2.714795]  node: hash matches
[    2.716114] rtc_cmos rtc_cmos: setting system clock to 2019-08-22 16:31:14 UTC (1566491474)
[    2.719082] BIOS EDD facility v0.16 2004-Jun-25, 0 devices found
[    2.721002] EDD information not available.
[    2.727714] Freeing unused kernel memory: 1484K
[    2.739293] Write protecting the kernel read-only data: 14336k
[    2.774396] Freeing unused kernel memory: 1616K
[    2.802262] Freeing unused kernel memory: 68K
Loading, please wait...
starting version 229
[    2.986899] random: systemd-udevd: uninitialized urandom read (16 bytes read, 3 bits of entropy available)
[    3.000255] random: udevadm: uninitialized urandom read (16 bytes read, 3 bits of entropy available)
[    3.004361] random: systemd-udevd: uninitialized urandom read (16 bytes read, 3 bits of entropy available)
[    3.007699] random: systemd-udevd: uninitialized urandom read (16 bytes read, 3 bits of entropy available)
[    3.010995] random: systemd-udevd: uninitialized urandom read (16 bytes read, 3 bits of entropy available)
[    3.014404] random: udevadm: uninitialized urandom read (16 bytes read, 3 bits of entropy available)
[    3.095160] random: systemd-udevd: uninitialized urandom read (16 bytes read, 3 bits of entropy available)
[    3.111570] random: systemd-udevd: uninitialized urandom read (16 bytes read, 3 bits of entropy available)
[    3.158221] random: systemd-udevd: uninitialized urandom read (16 bytes read, 3 bits of entropy available)
[    3.204247] random: udevadm: uninitialized urandom read (16 bytes read, 3 bits of entropy available)
[    3.935822] e1000: Intel(R) PRO/1000 Network Driver - version 7.3.21-k8-NAPI
[    3.952721] e1000: Copyright (c) 1999-2006 Intel Corporation.
[    3.958616] Fusion MPT base driver 3.04.20
[    3.960172] Copyright (c) 1999-2008 LSI Corporation
[    4.016911] Fusion MPT SPI Host driver 3.04.20
[    4.032851] mptbase: ioc0: Initiating bringup
[    4.140956] ioc0: LSI53C1030 A0: Capabilities={Initiator}
[    4.229560] input: ImExPS/2 Generic Explorer Mouse as /devices/platform/i8042/serio1/input/input4
[    4.436848] scsi host2: ioc0: LSI53C1030 A0, FwRev=00000000h, Ports=1, MaxQ=256, IRQ=20
[    4.557328] scsi 2:0:0:0: Direct-Access     VBOX     HARDDISK         1.0  PQ: 0 ANSI: 5
[    4.583352] scsi target2:0:0: Beginning Domain Validation
[    4.586073] scsi target2:0:0: Domain Validation skipping write tests
[    4.588039] scsi target2:0:0: Ending Domain Validation
[    4.589819] scsi target2:0:0: asynchronous
[    4.591652] scsi 2:0:1:0: Direct-Access     VBOX     HARDDISK         1.0  PQ: 0 ANSI: 5
[    4.594530] scsi target2:0:1: Beginning Domain Validation
[    4.666208] scsi target2:0:1: Domain Validation skipping write tests
[    4.672530] scsi target2:0:1: Ending Domain Validation
[    4.684265] scsi target2:0:1: asynchronous
[    4.912793] sd 2:0:0:0: Attached scsi generic sg0 type 0
[    4.914665] sd 2:0:0:0: [sda] 20971520 512-byte logical blocks: (10.7 GB/10.0 GiB)
[    4.953573] sd 2:0:1:0: [sdb] 20480 512-byte logical blocks: (10.5 MB/10.0 MiB)
[    4.956413] sd 2:0:1:0: Attached scsi generic sg1 type 0
[    4.982209] sd 2:0:1:0: [sdb] Write Protect is off
[    4.986982] sd 2:0:1:0: [sdb] Incomplete mode parameter data
[    4.988904] sd 2:0:1:0: [sdb] Assuming drive cache: write through
[    5.058070] sd 2:0:0:0: [sda] Write Protect is off
[    5.060383] sd 2:0:0:0: [sda] Incomplete mode parameter data
[    5.084677] sd 2:0:0:0: [sda] Assuming drive cache: write through
[    5.092706] sd 2:0:1:0: [sdb] Attached SCSI disk
[    5.161965]  sda: sda1
[    5.187072] sd 2:0:0:0: [sda] Attached SCSI disk
[    5.381847] e1000 0000:00:03.0 eth0: (PCI:33MHz:32-bit) 02:1e:e5:6d:71:21
[    5.393566] e1000 0000:00:03.0 eth0: Intel(R) PRO/1000 Network Connection
[    5.404987] e1000 0000:00:03.0 enp0s3: renamed from eth0
Begin: Loading essential drivers ... [    8.078960] md: linear personality registered for level -1
[    8.107528] md: multipath personality registered for level -4
[    8.186964] md: raid0 personality registered for level 0
[    8.223635] md: raid1 personality registered for level 1
[    8.385851] raid6: sse2x1   gen()  5596 MB/s
[    8.490913] raid6: sse2x1   xor()  4685 MB/s
[    8.595973] raid6: sse2x2   gen()  5011 MB/s
[    8.700983] raid6: sse2x2   xor()  6633 MB/s
[    8.805380] raid6: sse2x4   gen()  6441 MB/s
[    8.910934] raid6: sse2x4   xor()  7459 MB/s
[    8.912454] raid6: using algorithm sse2x4 gen() 6441 MB/s
[    8.914224] raid6: .... xor() 7459 MB/s, rmw enabled
[    8.915890] raid6: using ssse3x2 recovery algorithm
[    8.940766] xor: measuring software checksum speed
[    9.060515]    prefetch64-sse: 30023.000 MB/sec
[    9.190529]    generic_sse: 26718.000 MB/sec
[    9.227372] xor: using function: prefetch64-sse (30023.000 MB/sec)
[    9.240817] async_tx: api initialized (async)
[    9.331252] md: raid6 personality registered for level 6
[    9.342224] md: raid5 personality registered for level 5
[    9.343971] md: raid4 personality registered for level 4
[    9.450677] md: raid10 personality registered for level 10
done.
Begin: Running /scripts/init-premount ... done.
Begin: Mounting root file system ... Begin: Running /scripts/local-top ... done.
Begin: Running /scripts/local-premount ... [    9.700330] Btrfs loaded
Scanning for Btrfs filesystems
done.
Warning: fsck not present, so skipping root file system
[   10.079476] EXT4-fs (sda1): mounted filesystem with ordered data mode. Opts: (null)
done.
Begin: Running /scripts/local-bottom ... done.
Begin: Running /scripts/init-bottom ... done.
[   10.692117] random: nonblocking pool is initialized
[   10.890857] systemd[1]: systemd 229 running in system mode. (+PAM +AUDIT +SELINUX +IMA +APPARMOR +SMACK +SYSVINIT +UTMP +LIBCRYPTSETUP +GCRYPT +GNUTLS +ACL +XZ -LZ4 +SECCOMP +BLKID +ELFUTILS +KMOD -IDN)
[   10.934831] systemd[1]: Detected virtualization oracle.
[   10.959390] systemd[1]: Detected architecture x86-64.

Welcome to [1mUbuntu 16.04.6 LTS[0m!

[   10.983389] systemd[1]: Set hostname to <ubuntu>.
[   11.002719] systemd[1]: Initializing machine ID from random generator.
[   11.006649] systemd[1]: Installed transient /etc/machine-id file.
[   12.073775] systemd[1]: Listening on Journal Socket (/dev/log).
[[0;32m  OK  [0m] Listening on Journal Socket (/dev/log).
[   12.086690] systemd[1]: Reached target Swap.
[[0;32m  OK  [0m] Reached target Swap.
[   12.093792] systemd[1]: Reached target User and Group Name Lookups.
[[0;32m  OK  [0m] Reached target User and Group Name Lookups.
[   12.100240] systemd[1]: Listening on /dev/initctl Compatibility Named Pipe.
[[0;32m  OK  [0m] Listening on /dev/initctl Compatibility Named Pipe.
[   12.105866] systemd[1]: Created slice System Slice.
[[0;32m  OK  [0m] Created slice System Slice.
[   12.144209] systemd[1]: Listening on LVM2 metadata daemon socket.
[[0;32m  OK  [0m] Listening on LVM2 metadata daemon socket.
[   12.148314] systemd[1]: Listening on Syslog Socket.
[[0;32m  OK  [0m] Listening on Syslog Socket.
[   12.151833] systemd[1]: Reached target Encrypted Volumes.
[[0;32m  OK  [0m] Reached target Encrypted Volumes.
[   12.156511] systemd[1]: Created slice User and Session Slice.
[[0;32m  OK  [0m] Created slice User and Session Slice.
[   12.161066] systemd[1]: Set up automount Arbitrary Executable File Formats File System Automount Point.
[[0;32m  OK  [0m] Set up automount Arbitrary Executab...ats File System Automount Point.
[   12.166648] systemd[1]: Reached target Slices.
[[0;32m  OK  [0m] Reached target Slices.
[   12.170200] systemd[1]: Listening on LVM2 poll daemon socket.
[[0;32m  OK  [0m] Listening on LVM2 poll daemon socket.
[   12.184488] systemd[1]: Listening on Journal Audit Socket.
[[0;32m  OK  [0m] Listening on Journal Audit Socket.
[   12.188608] systemd[1]: Started Forward Password Requests to Wall Directory Watch.
[[0;32m  OK  [0m] Started Forward Password Requests to Wall Directory Watch.
[   12.193992] systemd[1]: Listening on Journal Socket.
[[0;32m  OK  [0m] Listening on Journal Socket.
[   12.203790] systemd[1]: Mounting Debug File System...
         Mounting Debug File System...
[   12.307553] systemd[1]: Starting Load Kernel Modules...
         Starting Load Kernel Modules...
[   12.368020] systemd[1]: Starting Remount Root and Kernel File Systems...
         Starting Remount Root and Kernel File Systems...
[   12.389438] systemd[1]: Mounting Huge Pages File System...
         Mounting Huge Pages File System...
[   12.486852] systemd[1]: Starting Create list of required static device nodes for the current kernel...
         Starting Create list of required st... nodes for the current kernel...
[   12.520397] systemd[1]: Starting Uncomplicated firewall...
         Starting Uncomplicated firewall...
[   12.574732] systemd[1]: Starting Nameserver information manager...
         Starting Nameserver information manager...
[   12.587557] Loading iSCSI transport class v2.0-870.
[   12.592794] systemd[1]: Starting Set console keymap...
         Starting Set console keymap...
[   12.663461] EXT4-fs (sda1): re-mounted. Opts: (null)
[   12.683429] systemd[1]: Starting Journal Service...
         Starting Journal Service...
[   12.723536] systemd[1]: Mounting POSIX Message Queue File System...
         Mounting POSIX Message Queue File System...
[   12.795789] systemd[1]: Listening on udev Kernel Socket.
[[0;32m  OK  [0m] Listening on udev Kernel Socket.
[   12.809028] systemd[1]: Listening on Device-mapper event daemon FIFOs.
[[0;32m  OK  [0m] Listening on Device-mapper event daemon FIFOs.
[   12.816546] systemd[1]: Reached target System Time Synchronized.
[   12.886274] iscsi: registered transport (tcp)
[[0;32m  OK  [0m] Reached target System Time Synchronized.
[   12.913065] systemd[1]: Created slice system-serial\x2dgetty.slice.
[[0;32m  OK  [0m] Created slice system-serial\x2dgetty.slice.
[   12.934144] systemd[1]: Started Trigger resolvconf update for networkd DNS.
[[0;32m  OK  [0m] Started Trigger resolvconf update for networkd DNS.
[   12.986860] systemd[1]: Listening on udev Control Socket.
[[0;32m  OK  [0m] Listening on udev Control Socket.
[   13.003471] systemd[1]: Starting Monitoring of LVM2 mirrors, snapshots etc. using dmeventd or progress polling...
         Starting Monitoring of LVM2 mirrors... dmeventd or progress polling...
[   13.198846] systemd[1]: Mounted POSIX Message Queue File System.
[[0;32m  OK  [0m] Mounted POSIX Message Queue File System.
[   13.216628] systemd[1]: Mounted Huge Pages File System.
[[0;32m  OK  [0m] Mounted Huge Pages File System.
[   13.225034] systemd[1]: Mounted Debug File System.
[[0;32m  OK  [0m] Mounted Debug File System.
[   13.231939] systemd[1]: Started Remount Root and Kernel File Systems.
[[0;32m  OK  [0m] Started Remount Root and Kernel File Systems.
[   13.254047] systemd[1]: Started Create list of required static device nodes for the current kernel.
[[0;32m  OK  [0m] Started Create list of required sta...ce nodes for the current kernel.
[   13.323658] systemd[1]: Started Uncomplicated firewall.
[[0;32m  OK  [0m] Started Uncomplicated firewall.
[   13.393265] systemd[1]: Started Journal Service.
[[0;32m  OK  [0m] Started Journal Service.
[   13.535590] iscsi: registered transport (iser)
[[0;32m  OK  [0m] Started Nameserver information manager.
[[0;32m  OK  [0m] Started Load Kernel Modules.
[[0;32m  OK  [0m] Started LVM2 metadata daemon.
         Mounting FUSE Control File System...
         Starting Apply Kernel Variables...
         Starting Create Static Device Nodes in /dev...
         Starting udev Coldplug all Devices...
         Starting Load/Save Random Seed...
         Starting Flush Journal to Persistent Storage...
[[0;32m  OK  [0m] Mounted FUSE Control File System.
[[0;32m  OK  [0m] Started Apply Kernel Variables.
[[0;32m  OK  [0m] Started Create Static Device Nodes in /dev.
[[0;32m  OK  [0m] Started Monitoring of LVM2 mirrors,...ng dmeventd or progress polling.
[[0;32m  OK  [0m] Started Load/Save Random Seed.
         Starting udev Kernel Device Manager...
[[0;32m  OK  [0m] Started Flush Journal to Persistent Storage.
[[0;32m  OK  [0m] Started udev Kernel Device Manager.
[[0;32m  OK  [0m] Started Set console keymap.
[[0;32m  OK  [0m] Reached target Local File Systems (Pre).
[[0;32m  OK  [0m] Reached target Local File Systems.
         Starting Create Volatile Files and Directories...
         Starting Set console font and keymap...
         Starting Tell Plymouth To Write Out Runtime Data...
         Starting LSB: AppArmor initialization...
         Starting Initial cloud-init job (pre-networking)...
         Starting Commit a transient machine-id on disk...
[[0;32m  OK  [0m] Started Tell Plymouth To Write Out Runtime Data.
[[0;32m  OK  [0m] Started Commit a transient machine-id on disk.
[[0;32m  OK  [0m] Started Create Volatile Files and Directories.
         Starting Update UTMP about System Boot/Shutdown...
[[0;32m  OK  [0m] Started Update UTMP about System Boot/Shutdown.
[[0;32m  OK  [0m] Started udev Coldplug all Devices.
[[0;32m  OK  [0m] Started Dispatch Password Requests to Console Directory Watch.
[[0;32m  OK  [0m] Found device /dev/ttyS0.
[[0;32m  OK  [0m] Listening on Load/Save RF Kill Switch Status /dev/rfkill Watch.
[[0;32m  OK  [0m] Started LSB: AppArmor initialization.
[   25.847087] cloud-init[482]: Cloud-init v. 19.1-1-gbaa47854-0ubuntu1~16.04.1 running 'init-local' at Thu, 22 Aug 2019 16:31:35 +0000. Up 22.44 seconds.
[[0;32m  OK  [0m] Started Initial cloud-init job (pre-networking).
[[0;32m  OK  [0m] Reached target Network (Pre).
         Starting Raise network interfaces...
[[0;32m  OK  [0m] Started Set console font and keymap.
[[0;32m  OK  [0m] Created slice system-getty.slice.
[[0;32m  OK  [0m] Started Raise network interfaces.
         Starting Initial cloud-init job (metadata service crawler)...
[[0;32m  OK  [0m] Reached target Network.
[   35.366216] cloud-init[954]: Cloud-init v. 19.1-1-gbaa47854-0ubuntu1~16.04.1 running 'init' at Thu, 22 Aug 2019 16:31:44 +0000. Up 31.52 seconds.
[   35.376889] cloud-init[954]: ci-info: ++++++++++++++++++++++++++++++++++++++Net device info++++++++++++++++++++++++++++++++++++++
[   35.389315] cloud-init[954]: ci-info: +--------+------+----------------------------+---------------+--------+-------------------+
[   35.406297] cloud-init[954]: ci-info: | Device |  Up  |          Address           |      Mask     | Scope  |     Hw-Address    |
[   35.411831] cloud-init[954]: ci-info: +--------+------+----------------------------+---------------+--------+-------------------+
[   35.425606] cloud-init[954]: ci-info: | enp0s3 | True |         10.0.2.15          | 255.255.255.0 | global | 02:1e:e5:6d:71:21 |
[   35.437682] cloud-init[954]: ci-info: | enp0s3 | True | fe80::1e:e5ff:fe6d:7121/64 |       .       |  link  | 02:1e:e5:6d:71:21 |
[   35.446499] cloud-init[954]: ci-info: |   lo   | True |         127.0.0.1          |   255.0.0.0   |  host  |         .         |
[   35.457665] cloud-init[954]: ci-info: |   lo   | True |          ::1/128           |       .       |  host  |         .         |
[   35.469254] cloud-init[954]: ci-info: +--------+------+----------------------------+---------------+--------+-------------------+
[   35.496231] cloud-init[954]: ci-info: +++++++++++++++++++++++++++Route IPv4 info++++++++++++++++++++++++++++
[   35.502304] cloud-init[954]: ci-info: +-------+-------------+----------+---------------+-----------+-------+
[   35.532901] cloud-init[954]: ci-info: | Route | Destination | Gateway  |    Genmask    | Interface | Flags |
[   35.538959] cloud-init[954]: ci-info: +-------+-------------+----------+---------------+-----------+-------+
[   35.599947] cloud-init[954]: ci-info: |   0   |   0.0.0.0   | 10.0.2.2 |    0.0.0.0    |   enp0s3  |   UG  |
[   35.605863] cloud-init[954]: ci-info: |   1   |   10.0.2.0  | 0.0.0.0  | 255.255.255.0 |   enp0s3  |   U   |
[   35.613170] cloud-init[954]: ci-info: +-------+-------------+----------+---------------+-----------+-------+
[   35.621332] cloud-init[954]: ci-info: +++++++++++++++++++Route IPv6 info+++++++++++++++++++
[   35.632132] cloud-init[954]: ci-info: +-------+-------------+---------+-----------+-------+
[   35.637215] cloud-init[954]: ci-info: | Route | Destination | Gateway | Interface | Flags |
[   35.640222] cloud-init[954]: ci-info: +-------+-------------+---------+-----------+-------+
[   35.725166] cloud-init[954]: ci-info: |   0   |  fe80::/64  |    ::   |   enp0s3  |   U   |
[   35.736911] cloud-init[954]: ci-info: |   4   |   ff00::/8  |    ::   |   enp0s3  |   U   |
[[0;32m  OK  [0m[   35.745284] cloud-init[954]: ci-info: +-------+-------------+---------+-----------+-------+
[   35.746569] cloud-init[954]: Generating public/private rsa key pair.
[   35.747883] cloud-init[954]: Your identification has been saved in /etc/ssh/ssh_host_rsa_key.
] Started Initial cloud-init job (metadata service crawler).
[[0;32m  OK  [0m] Reached target Network is Online.
[   35.749057] cloud-init[954]: Your public key has been saved in /etc/ssh/ssh_host_rsa_key.pub.
         Starting iSCSI initiator daemon (iscsid)...
[[0;32m  OK  [0m] Reached target System Initialization.
[   35.839513] cloud-init[954]: The key fingerprint is:         
[   35.881880] cloud-init[954]: SHA256:05H05ycOR4rkCjG/r8AOP/cVylw9JlvH2VqhULin0R8 root@ubuntu-xenialStarting Socket activation for snappy daemon.

[   35.897059] cloud-init[954]: The key's randomart image is:[[0;32m  OK  [0m] Started Daily apt download activities.

[   35.920997] cloud-init[954]: +---[RSA 2048]----+
[   35.922907] cloud-init[954]: |          . ..   |
[   35.935344] cloud-init[954]: |         . +.    |
[   35.935814] cloud-init[954]: |      o   +.+ o. |
[   35.936037] cloud-init[954]: |       + + =.O.E+|
[   35.936270] cloud-init[954]: |      . S + X.X.B|
[   35.936498] cloud-init[954]: |     . . * + X O |
[   35.936729] cloud-init[954]: |    . o o + o o  |
[   35.936962] cloud-init[954]: |     +.... .     |
[   35.937191] cloud-init[954]: |      oo.oo      |
[   35.937471] cloud-init[954]: +----[SHA256]-----+
[   35.937704] cloud-init[954]: Generating public/private dsa key pair.
[   35.937937] cloud-init[954]: Your identification has been saved in /etc/ssh/ssh_host_dsa_key.
[   35.938365] cloud-init[954]: Your public key has been saved in /etc/ssh/ssh_host_dsa_key.pub.
[   35.938591] cloud-init[954]: The key fingerprint is:
[   35.938817] cloud-init[954]: SHA256:WevoA6jBnUHmI6tPdkF/M5PYeRCOFNIlZl+W0n35rwk root@ubuntu-xenial
[   35.939053] cloud-init[954]: The key's randomart image is:
[   35.939273] cloud-init[954]: +---[DSA 1024]----+
[   35.939508] cloud-init[954]: |    ..*oo.oo   . |
[   35.939729] cloud-init[954]: |    o=.=.+o . o  |
[   35.939999] cloud-init[954]: |   +. . +..  . . |
[   35.940234] cloud-init[954]: |  ..+. o * .    .|
[   35.940455] cloud-init[954]: | . +.=o S o     .|
[   35.940687] cloud-init[954]: |  + +... B  E   .|
[   35.940909] cloud-init[954]: | .oo.  .. .  . o |
[   35.941133] cloud-init[954]: |.o..   ..     o  |
[   35.941403] cloud-init[954]: | ..     ..       |
[   35.941630] cloud-init[954]: +----[SHA256]-----+
[   35.941858] cloud-init[954]: Generating public/private ecdsa key pair.
[   35.942114] cloud-init[954]: Your identification has been saved in /etc/ssh/ssh_host_ecdsa_key.
         Starting LXD - unix socket.
[   35.942705] cloud-init[954]: Your public key has been saved in /etc/ssh/ssh_host_ecdsa_key.pub.
[   36.048507] cloud-init[954]: The key fingerprint is:
[[0;32m  OK  [0m] Started Daily apt upgrade and clean activities.
[   36.104404] cloud-init[954]: SHA256:wbUZF9nHwOz73N3kgFICsdXlltWwi+C6fxEGeQsFflQ root@ubuntu-xenial[[0;32m  OK  [0m] Started Daily Cleanup of Temporary Directories.
[[0;32m  OK  [0m] Reached target Timers.

[   36.125602] cloud-init[954]: The key's randomart image is:
[   36.136532] cloud-init[954]: +---[ECDSA 256]---+
[   36.142773] cloud-init[954]: |        ..===OE+o|[[0;32m  OK  [0m] Started ACPI Events Check.
[[0;32m  OK  [0m] Reached target Paths.

[   36.158561] cloud-init[954]: |       ..=+*+.+++|
[   36.161352] cloud-init[954]: |        +.=+.o=. |
[[0;32m  OK  [0m] Listening on ACPID Listen Socket.
[   36.167544] [[0;32m  OK  [0m] Listening on D-Bus System Message Bus Socket.cloud-init[954]: |         o.o=o.. |
[   36.174233] cloud-init[954]: |        S .+.o.. |
[[0;32m  OK  [0m] Listening on UUID daemon activation socket.
[[0;32m  OK  [0m] Reached target Cloud-config availability.
[   36.181571] cloud-init[954]: |         .. o o .|
[   36.183697] cloud-init[954]: |        .  . . *+|
[   36.185816] 
cloud-init[954]: |         .  .   B|
[   36.196762] cloud-init[954]: |        ....     |
[[0;32m  OK  [0m] Listening on Socket activation for snappy daemon.
[[0;32m  OK  [0m] Listening on LXD - unix socket.
[   36.219641] cloud-init[954]: +----[SHA256]-----+
[   36.257731] cloud-init[954]: Generating public/private ed25519 key pair.
[   36.263095] cloud-init[954]: Your identification has been saved in /etc/ssh/ssh_host_ed25519_key.
[   36.281226] cloud-init[954]: Your public key has been saved in /etc/ssh/ssh_host_ed25519_key.pub.
[   36.349915] cloud-init[954]: The key fingerprint is:
[[0;32m  OK  [0m] Started iSCSI initiator daemon (iscsid).
[   36.357636] cloud-init[954]: SHA256:b5Wv5w1Jgw3YdlPfDFJ/qbRc8e5XKQ+i2tPPs/seKnM root@ubuntu-xenial
[   36.364950] cloud-init[954]: The key's randomart image is:
[   36.367874] cloud-init[954]: +--[ED25519 256]--+
         Starting Login to default iSCSI targets...
[[0;32m  OK  [0m] Reached target Sockets.
[[0;32m  OK  [0m] Reached target Basic System.
[   36.387981] cloud-init[954]: |            ..o..|
[   36.505453] cloud-init[954]: |           o . =*|
[[   36.544373] cloud-init[954]: |          . +.ooB|
[   36.544992] cloud-init[954]: |           .o*+oo|
[   36.545237] cloud-init[954]: |        S  .+*+.o|
[   36.545561] cloud-init[954]: |         ....o++.|
[   36.545809] cloud-init[954]: |         .+   +oo|
[   36.546211] cloud-init[954]: |        oo +.Eooo|
[   36.547750] cloud-init[954]: |       . .. *OBo.|
[0;32m  OK  [0m] Started FUSE filesystem for LXC.
[   36.548870] cloud-init[954]: +----[SHA256]-----+
         Starting System Logging Service...
         Starting LSB: Record successful boot for GRUB...
[[0;32m  OK  [0m] Started Deferred execution scheduler.
         Starting Accounts Service...
         Starting Snappy daemon...
         Starting LXD - container startup/shutdown...
         Starting LSB: MD monitoring daemon...
[[0;32m  OK  [0m] Started ACPI event daemon.
         Starting /etc/rc.local Compatibility...
[[0;32m  OK  [0m] Started D-Bus System Message Bus.
         Starting Virtualbox guest utils...
         Starting Pollinate to seed the pseudo random number generator...
[[0;32m  OK  [0m] Started Regular background program processing daemon.
         Starting Login Service...
[[0;32m  OK  [0m] Started System Logging Service.
[[0;32m  OK  [0m] Started /etc/rc.local Compatibility.
         Starting Authenticate and Authorize Users to Run Privileged Tasks...
[[0;32m  OK  [0m] Started Login Service.
[[0;32m  OK  [0m] Started Unattended Upgrades Shutdown.
[[0;32m  OK  [0m] Started Login to default iSCSI targets.
[[0;32m  OK  [0m] Reached target Remote File Systems (Pre).
[[0;32m  OK  [0m] Reached target Remote File Systems.
         Starting Permit User Sessions...
         Starting LSB: daemon to balance interrupts for SMP systems...
         Starting LSB: Set the CPU Frequency Scaling governor to "ondemand"...
         Starting LSB: automatic crash report generation...
[[0;32m  OK  [0m] Started LSB: Record successful boot for GRUB.
[[0;32m  OK  [0m] Started Permit User Sessions.
         Starting Terminate Plymouth Boot Screen...
         Starting Hold until boot process finishes up...
[[0;32m  OK  [0m] Started Terminate Plymouth Boot Screen.
[[0;32m  OK  [0m] Started Hold until boot process finishes up.
         Starting Set console scheme...
[[0;32m  OK  [0m] Started Serial Getty on ttyS0.
[[0;32m  OK  [0m] Started Getty on tty1.
[[0;32m  OK  [0m] Reached target Login Prompts.
[[0;32m  OK  [0m] Started Set console scheme.
[[0;32m  OK  [0m] Started Authenticate and Authorize Users to Run Privileged Tasks.
[[0;32m  OK  [0m] Started LSB: MD monitoring daemon.
[[0;32m  OK  [0m] Started Accounts Service.
[[0;32m  OK  [0m] Started LXD - container startup/shutdown.
[[0;32m  OK  [0m] Started LSB: Set the CPU Frequency Scaling governor to "ondemand".
[[0;32m  OK  [0m] Started LSB: daemon to balance interrupts for SMP systems.
[[0;32m  OK  [0m] Started LSB: automatic crash report generation.
[[0;32m  OK  [0m] Started Snappy daemon.
         Starting Wait until snapd is fully seeded...
[[0;32m  OK  [0m] Started Virtualbox guest utils.
[[0;32m  OK  [0m] Started Pollinate to seed the pseudo random number generator.
         Starting OpenBSD Secure Shell server...
[[0;32m  OK  [0m] Started OpenBSD Secure Shell server.
[[0;32m  OK  [0m] Created slice User Slice of vagrant.
         Starting User Manager for UID 1000...
[[0;32m  OK  [0m] Started Session 1 of user vagrant.

Ubuntu 16.04.6 LTS ubuntu-xenial ttyS0

ubuntu-xenial login: [   49.557505] cloud-init[1349]: Generating locales (this might take a while)...
[   55.922527] cloud-init[1349]:   en_US.UTF-8... done
[   55.924001] cloud-init[1349]: Generation complete.
[   58.353945] cloud-init[1349]: Cloud-init v. 19.1-1-gbaa47854-0ubuntu1~16.04.1 running 'modules:config' at Thu, 22 Aug 2019 16:32:01 +0000. Up 48.40 seconds.
ci-info: no authorized ssh keys fingerprints found for user ubuntu.
<14>Aug 22 16:32:14 ec2: 
<14>Aug 22 16:32:14 ec2: #############################################################
<14>Aug 22 16:32:14 ec2: -----BEGIN SSH HOST KEY FINGERPRINTS-----
<14>Aug 22 16:32:14 ec2: 1024 SHA256:WevoA6jBnUHmI6tPdkF/M5PYeRCOFNIlZl+W0n35rwk root@ubuntu-xenial (DSA)
<14>Aug 22 16:32:14 ec2: 256 SHA256:wbUZF9nHwOz73N3kgFICsdXlltWwi+C6fxEGeQsFflQ root@ubuntu-xenial (ECDSA)
<14>Aug 22 16:32:14 ec2: 256 SHA256:b5Wv5w1Jgw3YdlPfDFJ/qbRc8e5XKQ+i2tPPs/seKnM root@ubuntu-xenial (ED25519)
<14>Aug 22 16:32:14 ec2: 2048 SHA256:05H05ycOR4rkCjG/r8AOP/cVylw9JlvH2VqhULin0R8 root@ubuntu-xenial (RSA)
<14>Aug 22 16:32:14 ec2: -----END SSH HOST KEY FINGERPRINTS-----
<14>Aug 22 16:32:14 ec2: #############################################################
-----BEGIN SSH HOST KEY KEYS-----
ecdsa-sha2-nistp256 AAAAE2VjZHNhLXNoYTItbmlzdHAyNTYAAAAIbmlzdHAyNTYAAABBBPTmGzTuJ0Sj+vWKVIRKf3knsf3Rj2h4rPbelwyPqlnqPpEQBk34yUmOC6AnPPkWTb2UPvFLisAeS8ykIhgvyoc= root@ubuntu-xenial
ssh-ed25519 AAAAC3NzaC1lZDI1NTE5AAAAIIMKoFsMgKjCFdWqh7PLIMXzbuit0cuTcu/7qFYA9iX8 root@ubuntu-xenial
ssh-rsa AAAAB3NzaC1yc2EAAAADAQABAAABAQDQqF26DB0HIDszqvQa1kTywnE1JZPx0AjWpDoA2bCztJJeqgRiX/J3gXHSN7BkvAVSRD9+xkwqR7qT6ajmz+cbP7AVqbWM8+F60fqhPdpvM3It+kPYOjs+5lK/7v3NNS6Bi3TPwJejBFzCdVdSoEFUFDkK4dYBGXzfWi7zCPMjL63bJGo7IIfuaUchjhLpc4QJx1fx5KaZktXk9LeTFrU2+zqLjGDZ7pOkEyDPSDl9Jx9QleFw37eAS336FgoQqBh3hDc5EBKKyagNyhL6s1aGDghFsnu7ruF5I9Ryxg+6EzlPqaPeXkM4g/0wR6KD4JD+JlUB3QB0VIHi4YR1KCBH root@ubuntu-xenial
-----END SSH HOST KEY KEYS-----
[   61.774917] cloud-init[1547]: Cloud-init v. 19.1-1-gbaa47854-0ubuntu1~16.04.1 running 'modules:final' at Thu, 22 Aug 2019 16:32:12 +0000. Up 60.03 seconds.
[   61.780082] cloud-init[1547]: ci-info: no authorized ssh keys fingerprints found for user ubuntu.
[   61.794715] cloud-init[1547]: Cloud-init v. 19.1-1-gbaa47854-0ubuntu1~16.04.1 finished at Thu, 22 Aug 2019 16:32:14 +0000. Datasource DataSourceNoCloud [seed=/dev/sdb][dsmode=net].  Up 61.69 seconds
