[    0.000000] Initializing cgroup subsys cpuset
[    0.000000] Initializing cgroup subsys cpu
[    0.000000] Initializing cgroup subsys cpuacct
[    0.000000] Linux version 4.4.0-154-generic (buildd@lgw01-amd64-049) (gcc version 5.4.0 20160609 (Ubuntu 5.4.0-6ubuntu1~16.04.10) ) #181-Ubuntu SMP Tue Jun 25 05:29:03 UTC 2019 (Ubuntu 4.4.0-154.181-generic 4.4.179)
[    0.000000] Command line: BOOT_IMAGE=/boot/vmlinuz-4.4.0-154-generic root=LABEL=cloudimg-rootfs ro console=tty1 console=ttyS0
[    0.000000] KERNEL supported cpus:
[    0.000000]   Intel GenuineIntel
[    0.000000]   AMD AuthenticAMD
[    0.000000]   Centaur CentaurHauls
[    0.000000] x86/fpu: Legacy x87 FPU detected.
[    0.000000] e820: BIOS-provided physical RAM map:
[    0.000000] BIOS-e820: [mem 0x0000000000000000-0x000000000009fbff] usable
[    0.000000] BIOS-e820: [mem 0x000000000009fc00-0x000000000009ffff] reserved
[    0.000000] BIOS-e820: [mem 0x00000000000f0000-0x00000000000fffff] reserved
[    0.000000] BIOS-e820: [mem 0x0000000000100000-0x000000003ffeffff] usable
[    0.000000] BIOS-e820: [mem 0x000000003fff0000-0x000000003fffffff] ACPI data
[    0.000000] BIOS-e820: [mem 0x00000000fec00000-0x00000000fec00ff] reserved
[    0.000000] BIOS-e820: [mem 0x00000000fee00000-0x00000000fee00fff] reserved
[    0.000000] BIOS-e820: [mem 0x00000000fffc0000-0x00000000ffffffff] reserved
[    0.000000] NX (Execute Disable) protection: active
[    0.000000] SMBIOS 2.5 present.
[    0.000000] Hypervisor detected: KVM
[    0.000000] e820: last_pfn = 0x3fff0 max_arch_pfn = 0x400000000
[    0.000000] MTRR: Disabled
[    0.000000] x86/PAT: MTRRs disabled, skipping PAT initialization too.
[    0.000000] CPU MTRRs all blank - virtualized system.
[    0.000000] x86/PAT: Configuration [0-7]: WB  WT  UC- UC  WB  WT  UC- UC  
[    0.000000] found SMP MP-table at [mem 0x0009fff0-0x0009ffff] mapped at [ffff88000009fff0]
[    0.000000] Scanning 1 areas for low memory corruption
[    0.000000] RAMDISK: [mem 0x362fa000-0x37174fff]
[    0.000000] ACPI: Early table checksum verification disabled
[    0.000000] ACPI: RSDP 0x00000000000E0000 000024 (v02 VBOX  )
[    0.000000] ACPI: XSDT 0x000000003FFF0030 00003C (v01 VBOX   VBOXXSDT 00000001 ASL  00000061)
[    0.000000] ACPI: FACP 0x000000003FFF00F0 0000F4 (v04 VBOX   VBOXFACP 00000001 ASL  00000061)
[    0.000000] ACPI: DSDT 0x000000003FFF0470 0021FF (v02 VBOX   VBOXBIOS 00000002 INTL 20180105)
[    0.000000] ACPI: FACS 0x000000003FFF0200 000040
[    0.000000] ACPI: FACS 0x000000003FFF0200 000040
[    0.000000] ACPI: APIC 0x000000003FFF0240 00005C (v02 VBOX   VBOXAPIC 00000001 ASL  00000061)
[    0.000000] ACPI: SSDT 0x000000003FFF02A0 0001CC (v01 VBOX   VBOXCPUT 00000002 INTL 20180105)
[    0.000000] No NUMA configuration found
[    0.000000] Faking a node at [mem 0x0000000000000000-0x000000003ffeffff]
[    0.000000] NODE_DATA(0) allocated [mem 0x3ffeb000-0x3ffeffff]
[    0.000000] kvm-clock: Using msrs 4b564d01 and 4b564d00
[    0.000000] kvm-clock: cpu 0, msr 0:3ffe3001, primary cpu clock
[    0.000000] kvm-clock: using sched offset of 5043797436 cycles
[    0.000000] clocksource: kvm-clock: mask: 0xffffffffffffffff max_cycles: 0x1cd42e4dffb, max_idle_ns: 881590591483 ns
[    0.000000] Zone ranges:
[    0.000000]   DMA      [mem 0x0000000000001000-0x0000000000ffffff]
[    0.000000]   DMA32    [mem 0x0000000001000000-0x000000003ffeffff]
[    0.000000]   Normal   empty
[    0.000000]   Device   empty
[    0.000000] Movable zone start for each node
[    0.000000] Early memory node ranges
[    0.000000]   node   0: [mem 0x0000000000001000-0x000000000009efff]
[    0.000000]   node   0: [mem 0x0000000000100000-0x000000003ffeffff]
[    0.000000] Initmem setup node 0 [mem 0x0000000000001000-0x000000003ffeffff]
[    0.000000] ACPI: PM-Timer IO Port: 0x4008
[    0.000000] IOAPIC[0]: apic_id 2, version 32, address 0xfec00000, GSI 0-23
[    0.000000] ACPI: INT_SRC_OVR (bus 0 bus_irq 0 global_irq 2 dfl dfl)
[    0.0000] ACP: INT_SRC_OVR (bus 0 busirq 9 lobal_irq 9 low level)
[    0.000000] Using ACPI (MADT) for SMP configuration information
[    0.000000] smpboot: Allowing 2 CPUs, 0 hotplug CPUs
[    0.000000] PM: Registered nosave memory: [mem 0x00000000-0x00000fff]
[    0.000000] PM: Registered nosave memory: [mem 0x0009f000-0x0009ffff]
[    0.000000] PM: Registered nosave memory: [mem 0x000a0000-0x000effff]
[    0.000000] PM: Registered nosave memory: [mem 0x000f0000-0x000fffff]
[    0.000000] e820: [mem 0x40000000-0xfebfffff] available for PCI devices
[    0.000000] Booting paravirtualized kernel on KVM
[    0.000000] clocksource: refined-jiffies: mask: 0xffffffff max_cycles: 0xffffffff, max_idle_ns: 7645519600211568 ns
[    0.000000] setup_percpu: NR_CPUS:512 nr_cpumask_bits:512 n_cpu_ids:2 nr_node_ids:1
[    0.000000] PERCPU: Embedded 34 pages/cpu @ffff88003fc00000 s99480 r8192 d31592 u1048576
[    0.000000] Built 1 zonelists in Node order, mobility grouping on.  Total pages: 257912
[    0.000000] Policy zone: DMA32
[    0.000000] Kernel command line: BOOT_IMAGE=/boot/vmlinuz-4.4.0-154-generic root=LABEL=cloudimg-rootfs ro console=tty1 console=ttyS0
[    0.000000] PID hash table entries: 4096 (order: 3, 32768 bytes)
[    0.000000] Memory: 997732K/1048120K available (8613K kernel code, 1335K rwdata, 4028K rodata, 1484K init, 1284K bss, 50388K reserved, 0K cma-reserved)
[    0.000000] SLUB: HWalign=64, Order=0-3, MinObjects=0, CPUs=2, Nodes=1
[    0.000000] Kernel/User page tables isolation: enabled
[    0.000000] Hierarchical RCU implementation.
[    0.000000] 	Build-time adjustment of leaf fanout to 64.
[    0.000000] 	RCU restricting CPUs from NR_CPUS=512 to nr_cpu_ids=2.
[    0.000000] RCU: Adjusting geometry for rcu_fanout_leaf=64, nr_cpu_ids=2
[    0.000000] NR_IRQS:33024 nr_irqs:440 16
[    0.000000] Console: colour VGA+ 80x25
[    0.000000] console [tty1] enabled
[    0.000000] console [ttyS0] enabled
[    0.000000] tsc: Detected 2992.498 MHz processor
[    1.549512] Calibrating delay loop (skipped) preset value.. 5984.99 BogoMIPS (lpj=11969992)
[    1.649512] pid_max: default: 32768 minimum: 301
[    1.719839] ACPI: Core revision 20150930
[    1.798167] ACPI: 2 ACPI AML tables successfully acquired and loaded
[    1.800350] Security Framework initialized
[    1.801782] Yama: becoming mindful.
[    1.803163] AppArmor: AppArmor initialized
[    1.804782] Dentry cache hash table entries: 131072 (order: 8, 1048576 bytes)
[    1.807414] Inode-cache hash table entries: 65536 (order: 7, 524288 bytes)
[    1.809693] Mount-cache hash table entries: 2048 (order: 2, 16384 bytes)
[    1.811692] Mountpoint-cache hash table entries: 2048 (order: 2, 16384 bytes)
[    1.814581] Initializing cgroup subsys io
[    1.816014] Initializing cgroup subsys memory
[    1.817503] Initializing cgroup subsys devices
[    1.819015] Initializing cgroup subsys freezer
[    1.828327] Initializing cgroup subsys net_cls
[    1.915818] Initializing cgroup subsys perf_event
[    1.917372] Initializing cgroup subsys net_prio
[    1.918891] Initializing cgroup subsys hugetlb
[    1.966208] Initializing cgroup subsys pids
[    1.967837] mce: CPU supports 0 MCE banks
[    1.969335] Last level iTLB entries: 4KB 128, 2MB 4, 4MB 4
[    2.028277] Last level dTLB entries: 4KB 256, 2MB 0, 4MB 32, 1GB 0
[    2.101199] Spectre V2 : Mitigation: Full generic retpoline
[    2.102942] Spectre V2 : Spectre v2 / SpectreRSB mitigation: Filling RSB on context switch
[    2.105776] Speculative Store Bypass: Vulnerable
[    2.108254] MDS: Vulnerable: Clear CPU buffers attempted, no microcode
[    2.113807] Freeing SMP alternatives memory: 36K
[    2.123105] ftrace: allocating 32299 entries in 127 pages
[    2.194076] smpboot: APIC(0) Converting physical 0 to logical package 0
[    2.197350] smpboot: Max logical packages: 1
[    2.199421] x2apic enabled
[    2.228762] Switched APIC routing to physical x2apic.
[    2.232793] ..TIMER: vector=0x30 apic1=0 pin1=2 apic2=-1 pin2=-1
[    2.339156] smpboot: CPU0: Intel(R) Core(TM)2 Duo CPU     E8400  @ 3.00GHz (family: 0x6, model: 0x17, stepping: 0xa)
[    2.359962] Performance Events: unsupported p6 CPU model 23 no PMU driver, software events only.
[    2.461201] KVM setup paravirtual spinlock
[    2.464228] x86: Booting SMP configuration:
[    2.465665] .... node  #0, CPUs:      #1
[    2.467053] kvm-clock: cpu 1, msr 0:3ffe3041, secondary cpu clock
[    2.481445] mce: CPU supports 0 MCE banks
[    2.484629] x86: Booted up 1 node, 2 CPUs
[    2.486522] smpboot: Total of 2 processors activated (11969.99 BogoMIPS)
[    2.489095] devtmpfs: initialized
[    2.493156] evm: security.selinux
[    2.494421] evm: security.SMACK64
[    2.495671] evm: security.SMACK64EXEC
[    2.497013] evm: security.SMACK64TRANSMUTE
[    2.498443] evm: security.SMACK64MMAP
[    2.499825] evm: security.ima
[    2.506374] evm: security.capability
[    2.507879] clocksource: jiffies: mask: 0xffffffff max_cycles: 0xffffffff, max_idle_ns: 7645041785100000 ns
[    2.511032] futex hash table entries: 512 (order: 3, 32768 bytes)
[    2.513066] pinctrl core: initialized pinctrl subsystem
[    2.514934] RTC time: 15:49:49, date: 08/22/19
[    2.516822] NET: Registered protocol family 16
[    2.528529] cpuidle: using governor ladder
[    2.539515] cpuidle: using governor menu
[    2.542039] PCCT header not found.
[    2.552630] ACPI: bus type PCI registered
[    2.604960] acpiphp: ACPI Hot Plug PCI Controller Driver version: 0.5
[    2.607010] PCI: Using configuration type 1 for base access
[    2.620178] ACPI: Added _OSI(Module Device)
[    2.621615] ACPI: Added _OSI(Processor Device)
[    2.623113] ACPI: Added _OSI(3.0 _SCP Extensions)
[    2.672673] ACPI: Added _OSI(Processor Aggregator Device)
[    2.716605] ACPI: Executed 1 blocks of module-level executable AML code
[    2.721227] ACPI: Interpreter enabled
[    2.722576] ACPI: (supports S0 S5)
[    2.723886] ACPI: Using IOAPIC for interrupt routing
[    2.725686] PCI: Using host bridge windows from ACPI; if necessary, use "pci=nocrs" and report a bug
[    2.833602] ACPI: PCI Root Bridge [PCI0] (domain 0000 [bus 00-ff])
[    2.883035] acpi PNP0A03:00: _OSC: OS supports [ASPM ClockPM Segments MSI]
[    2.901105] acpi PNP0A03:00: _OSC: not requesting OS control; OS requires [ExtendedConfig ASPM ClockPM MSI]
[    2.904246] acpi PNP0A03:00: fail to add MMCONFIG information, can't access extended PCI configuration space under this bridge.
[    2.908063] PCI host bridge to bus 0000:00
[    2.909483] pci_bus 0000:00: root bus resource [io  0x0000-0x0cf7 window]
[    2.952215] pci_bus 0000:00: root bus resource [io  0x0d00-0xffff window]
[    2.954205] pci_bus 0000:00: root bus resource [mem 0x000a0000-0x000bffff window]
[    2.956826] pci_bus 0000:00: root bus resource [mem 0x40000000-0xfdffffff window]
[    2.959441] pci_bus 0000:00: root bus resource [bus 00-ff]
[    2.963309] pci 0000:00:01.1: legacy IDE quirk: reg 0x10: [io  0x01f0-0x01f7]
[    2.965376] pci 0000:00:01.1: legacy IDE quirk: reg 0x14: [io  0x03f6]
[    3.000199] pci 0000:00:01.1: legacy IDE quirk: reg 0x18: [io  0x0170-0x0177]
[    3.002263] pci 0000:00:01.1: legacy IDE quirk: reg 0x1c: [io  0x0376]
[    3.030619] pci 0000:00:07.0: quirk: [io  0x4000-0x403f] claimed by PIIX4 ACPI
[    3.038472] pci 0000:00:07.0: quirk: [io  0x4100-0x410f] claimed by PIIX4 SMB
[    3.047732] ACPI: PCI Interrupt Link [LNKA] (IRQs 5 9 10 *11)
[    3.052320] ACPI: PCI Interrupt Link [LNKB] (IRQs 5 9 *10 11)
[    3.054757] ACPI: PCI Interrupt Link [LNKC] (IRQs 5 *9 10 11)
[    3.057210] ACPI: PCI Interrupt Link [LNKD] (IRQs 5 9 10 *11)
[    3.059753] ACPI: Enabled 2 GPEs in block 00 to 07
[    3.085167] vgaarb: setting as boot device: PCI:0000:00:02.0
[    3.155907] vgaarb: device added: PCI:0000:00:02.0,decodes=io+mem,owns=io+mem,locks=none
[    3.165954] vgaarb: loaded
[    3.167119] vgaarb: bridge control possible 0000:00:02.0
[    3.209423] SCSI subsystem initialized
[    3.211262] ACPI: bus type USB registered
[    3.212763] usbcore: registered new interface driver usbfs
[    3.214515] usbcore: registered new interface driver hub
[    3.216240] usbcore: registered new device driver usb
[    3.218337] PCI: Using ACPI for IRQ routing
[    3.220519] NetLabel: Initializing
[    3.221797] NetLabel:  domain hash size = 128
[    3.242892] NetLabel:  protocols = UNLABELED CIPSOv4
[    3.244572] NetLabel:  unlabeled traffic allowed by default
[    3.246714] amd_nb: Cannot enumerate AMD northbridges
[    3.248519] clocksource: Switched to clocksource kvm-clock
[  3.264634] AppArmor: AppArmor Filesystem Enabled
[    3.326231] pnp: PnP ACPI init
[    3.328622] pnp: PnP ACPI: found 3 devices

[    3.342221] clocksource: acpi_pm: mask: 0xffffff max_cycles: 0xffffff, max_idle_ns: 2085701024 ns
[    3.345389] NET: Registered protocol family 2
[    3.347521] TCP established hash table entries: 8192 (order: 4, 65536 bytes)
[    3.349824] TCP bind hash table entries: 8192 (order: 5, 131072 bytes)
[    3.351942] TCP: Hash tables configured (established 8192 bind 8192)
[    3.354029] UDP hash table entries: 512 (order: 2, 16384 bytes)
[    3.355983] UDP-Lite hash table entries: 512 (order: 2, 16384 bytes)
[    3.358084] NET: Registered protocol family 1
[    3.359695] pci 0000:00:00.0: Limiting direct PCI/PCI transfers
[    3.361625] pci 0000:00:01.0: Activating ISA DMA hang workarounds
[    3.363847] Unpacking initramfs...
[  3.621488] Freeing initrd memory: 14828K
[    3.681632] clocksource: tsc: mask: 0xffffffffffffffff max_cycles: 0x2b2296bc2b9, max_idle_ns: 440795321505 ns
[    3.684822] platform rtc_cmos: registered platform RTC device (no PNP device found)
[    3.687564] Scanning for low memory corruption every 60 seconds

[    3.690597] audit: initializing netlink subsys (disabled)
[    3.692514] audit: type=2000 audit(1566488994.310:1): initialized
[    3.694875] Initialise system trusted keyring
[    3.696847] HugeTLB registered 2 MB page size, pre-allocated 0 pages
[    3.701752] zbud: loaded
[    3.703560] VFS: Disk quotas dquot_6.6.0
[    3.751098] VFS: Dquot-cache hash table entries: 512 (order 0, 4096 bytes)
[    3.762161] squashfs: version 4.0 (2009/01/31) Phillip Lougher
[    3.764547] fuse init (API version 7.23)
[    3.766266] Key type big_key registered
[    3.767738] Allocating IMA MOK and blacklist keyrings.
[    3.770817] Key type asymmetric registered
[    3.772339] Asymmetric key parser 'x509' registered
[    3.820852] Block layer SCSI generic (bsg) driver version 0.4 loaded (major 249)
[    3.823690] io scheduler noop registered
[    3.825175] io scheduler deadline registered (default)
[    3.826965] io scheduler cfq registered
[    3.828550] pci_hotplug: PCI Hot Plug PCI Core version: 0.5
[    3.830394] pciehp: PCI Express Hot Plug Controller Driver version: 0.4
[    3.943132] ACPI: AC Adapter [AC] (on-line)
[    3.944776] input: Power Button as /devices/LNXSYSTM:00/LNXPWRBN:00/input/input0
[    3.947508] ACPI: Power Button [PWRF]
[    3.949000] input: Sleep Button as /devices/LNXSYSTM:00/LNXSLPBN:00/input/input1
[    3.951693] ACPI: Sleep Button [SLPF]
[    3.953463] GHES: HEST is not enabled!
[    3.955073] Serial: 8250/16550 driver, 32 ports, IRQ sharing enabled
[    3.980059] 00:02: ttyS0 at I/O 0x3f8 (irq = 4, base_baud = 115200) is a 16550A
[    4.076681] Linux agpgart interface v0.103
[    4.081100] loop: module loaded
[    4.083297] scsi host0: ata_piix
[    4.085048] scsi host1: ata_piix
[    4.150711] ata1: PATA max UDMA/33 cmd 0x1f0 ctl 0x3f6 bmdma 0xd000 irq 14
[    4.152785] ata2: PATA max UDMA/33 cmd 0x170 ctl 0x376 bmdma 0xd008 irq 15
[    4.154966] libphy: Fixed MDIO Bus: probed
[   4.998] tun: Universal TUN/TAP device driver, 1.6

[    4.311351] tun: (C) 1999-2004 Max Krasnyansky <maxk@qualcomm.com>
[    4.313405] PPP generic driver version 2.4.2
[    4.315069] ehci_hcd: USB 2.0 'Enhanced' Host Controller (EHCI) Driver
[    4.317056] ehci-pci: EHCI PCI platform driver
[    4.318585] ehci-platform: EHCI generic platform driver
[    4.320272] ohci_hcd: USB 1.1 'Open' Host Controller (OHCI) Driver
[    4.386879] ohci-pci: OHCI PCI platform driver
[    4.473985] ohci-platform: OHCI generic platform driver
[    4.475672] uhci_hcd: USB Universal Host Controller Interface driver
[    4.490782] i8042: PNP: PS/2 Controller [PNP0303:PS2K,PNP0f03:PS2M] at 0x60,0x64 irq 1,12
[    4.494276] serio: i8042 KBD port at 0x60,0x64 irq 1
[    4.495898] serio: i8042 AUX port at 0x60,0x64 irq 12
[    4.513609] mousedev: PS/2 mouse device common for all mice
[    4.522212] input: AT Translated Set 2 keyboard as /devices/platform/i8042/serio0/input/input2
[    4.525171] rtc_cmos rtc_cmos: rtc core: registered rtc_cmos as rtc0
[    4.531438] rtc_cmos rtc_cmos: alarms up to one day, 114 bytes nvram
[    4.550707] i2c /dev entries driver
[    4.621135] device-mapper: uevent: version 1.0.3
[    4.622858] device-mapper: ioctl: 4.34.0-ioctl (2015-10-28) initialised: dm-devel@redhat.com
[    4.651910] ledtrig-cpu: registered to indicate activity on CPUs
[    4.654622] NET: Registered protocol family 10
[    4.656733] NET: Registered protocol family 17
[    4.658299] Key type dns_resolver registered
[    4.660175] registered taskstats version 1
[    4.700980] Loading compiled-in X.509 certificates
[    4.703611] Loaded X.509 cert 'Build time autogenerated kernel key: 65139e04a67245b562a838c28b5e7032abdd4348'
[    4.706967] zswap: loaded using pool lzo/zbud
[    4.721498] Key type trusted registered
[    4.748734] Key type encrypted registered
[    4.750227] AppArmor: AppArmor sha1 policy hashing enabled
[    4.752105] ima: No TPM chip found, activating TPM-bypass!
[    4.760931] ima: Allocated hash algorithm: sha1
[    4.770820] evm: HMAC attrs: 0x1
[    4.772700]   Magic number: 15:45:842
[    4.774236] rtc_cmos rtc_cmos: setting system clock to 2019-08-22 15:49:51 UTC (1566488991)
[    4.777402] BIOS EDD facility v0.16 2004-Jun-25, 0 devices found
[    4.779351] EDD information not available.
[    4.786423] Freeing unused kernel memory: 1484K
[    4.820577] Write protecting the kernel read-only data: 14336k
[    4.836480] Freeing unused kernel memory: 1616K
[    4.838424] Freeing unused kernel memory: 68K
Loading, please wait...
starting version 229
[    4.979342] random: systemd-udevd: uninitialized urandom read (16 bytes read, 2 bits of entropy available)
[    4.985979] random: systemd-udevd: uninitialized urandom read (16 bytes read, 2 bits of entropy available)
[    4.989737] random: udevadm: uninitialized urandom read (16 bytes read, 2 bits of entropy available)
[    4.990032] random: udevadm: uninitialized urandom read (16 bytes read, 2 bits of entropy available)
[    5.001083] random: systemd-udevd: uninitialized urandom read (16 bytes read, 2 bits of entropy available)
[    5.006174] random: systemd-udevd: uninitialized urandom read (16 bytes read, 2 bits of entropy available)
[    5.038435] random: systemd-udevd: uninitialized urandom read (16 bytes read, 2 bits of entropy available)
[    5.043431] random: systemd-udevd: uninitialized urandom read (16 bytes read, 2 bits of entropy available)
[    5.048395] random: systemd-udevd: uninitialized urandom read (16 bytes read, 2 bits of entropy available)
[    5.057860] random: systemd-udevd: uninitialized urandom read (16 bytes read, 2 bits of entropy available)
[    5.353331] e1000: Intel(R) PRO/1000 Network Driver - version 7.3.21-k8-NAPI
[    5.357175] e1000: Copyright (c) 1999-2006 Intel Corporation.
[    5.364581] Fusion MPT base driver 3.04.20
[    5.367312] Copyright (c) 1999-2008 LSI Corporation
[    5.407113] Fusion MPT SPI Host driver 3.04.20
[    5.642512] input: ImExPS/2 Generic Explorer Mouse as /devices/platform/i8042/serio1/input/input4
[    5.905707] e1000 0000:00:03.0 eth0: (PCI:33MHz:32-bit) 02:1e:e5:6d:71:21
[    5.908931] e1000 0000:00:03.0 eth0: Intel(R) PRO/1000 Network Connection
[    5.913562] mptbase: ioc0: Initiating bringup
[    5.917922] e1000 0000:00:03.0 enp0s3: renamed from eth0
[    5.977010] ioc0: LSI53C1030 A0: Capabilities={Initiator}
[    6.138338] scsi host2: ioc0: LSI53C1030 A0, FwRev=00000000h, Ports=1, MaxQ=256, IRQ=20
[    6.257501] scsi 2:0:0:0: Direct-Access     VBOX     HARDDISK         1.0  PQ: 0 ANSI: 5
[    6.261982] scsi target2:0:0: Beginning Domain Validation
[    6.264639] scsi target2:0:0: Domain Validation skipping write tests
[    6.266549] scsi target2:0:0: Ending Domain Validation
[    6.268242] scsi target2:0:0: asynchronous
[    6.270058] scsi 2:0:1:0: Direct-Access     VBOX     HARDDISK         1.0  PQ: 0 ANSI: 5
[    6.272813] scsi target2:0:1: Beginning Domain Validation
[    6.275452] scsi target2:0:1: Domain Validation skipping write tests
[    6.277352] scsi target2:0:1: Ending Domain Validation
[    6.279050] scsi target2:0:1: asynchronous
[    6.345650] sd 2:0:0:0: [sda] 20971520 512-byte logical blocks: (10.7 GB/10.0 GiB)
[    6.345878] sd 2:0:0:0: Attached scsi generic sg0 type 0
[    6.354640] sd 2:0:0:0: [sda] Write Protect is off
[    6.356653] sd 2:0:0:0: [sda] Incomplete mode parameter data
[    6.358610] sd 2:0:0:0: [sda] Assuming drive cache: write through
[    6.360943] sd 2:0:1:0: [sdb] 20480 512-byte logical blocks: (10.5 MB/10.0 MiB)
[    6.361420] sd 2:0:1:0: Attached scsi generic sg1 type 0
[    6.394111]  sda: sda1
[    6.396048] sd 2:0:0:0: [sda] Attached SCSI disk
[    6.433252] sd 2:0:1:0: [sdb] Write Protect is off
[    6.435826] sd 2:0:1:0: [sdb] Incomplete mode parameter data
[    6.438599] sd 2:0:1:0: [sdb] Assuming drive cache: write through
[    6.485709] sd 2:0:1:0: [sdb] Attached SCSI disk
Begin: Loading essential drivers ... [    8.919875] md: linear personality registered for level -1
[    8.946831] md: multipath personality registered for level -4
[    8.971518] md: raid0 personality registered for level 0
[    8.999767] md: raid1 personality registered for level 1
[    9.100595] raid6: sse2x1   gen()  4593 MB/s
[    9.172553] raid6: sse2x1   xor()  4695 MB/s
[    9.240548] raid6: sse2x2   gen()  5436 MB/s
[    9.308598] raid6: sse2x2   xor()  6017 MB/s
[    9.376540] raid6: sse2x4   gen()  8697 MB/s
[    9.444541] raid6: sse2x4   xor()  6809 MB/s
[    9.445995] raid6: using algorithm sse2x4 gen() 8697 MB/s
[    9.447688] raid6: .... xor() 6809 MB/s, rmw enabled
[    9.449296] raid6: using ssse3x2 recovery algorithm
[    9.455569] xor: measuring software checksum speed
[    9.539682]    prefetch64-sse: 32888.000 MB/sec
[    9.639679]    generic_sse: 27416.000 MB/sec
[    9.641428] xor: using function: prefetch64-sse (32888.000 MB/sec)
[    9.647612] async_tx: api initialized (async)
[    9.690327] md: raid6 personality registered for level 6
[    9.693885] md: raid5 personality registered for level 5
[    9.757181] md: raid4 personality registered for level 4
[    9.821694] md: raid10 personality registered for level 10
done.
Begin: Running /scripts/init-premount ... done.
Begin: Mounting root file system ... Begin: Running /scripts/local-top ... done.
Begin: Running /scripts/local-premount ... [    9.970642] Btrfs loaded
Scanning for Btrfs filesystems
done.
Warning: fsck not present, so skipping root file system
[   10.214007] EXT4-fs (sda1): mounted filesystem with ordered data mode. Opts: (null)
done.
Begin: Running /scripts/local-bottom ... done.
Begin: Running /scripts/init-bottom ... done.
[   10.998135] systemd[1]: systemd 229 running in system mode. (+PAM +AUDIT +SELINUX +IMA +APPARMOR +SMACK +SYSVINIT +UTMP +LIBCRYPTSETUP +GCRYPT +GNUTLS +ACL +XZ -LZ4 +SECCOMP +BLKID +ELFUTILS +KMOD -IDN)
[   11.006283] systemd[1]: Detected virtualization oracle.
[   11.036370] systemd[1]: Detected architecture x86-64.

Welcome to [1mUbuntu 16.04.6 LTS[0m!

[   11.090609] systemd[1]: Set hostname to <ubuntu>.
[   11.108597] systemd[1]: Initializing machine ID from random generator.
[   11.110816] systemd[1]: Installed transient /etc/machine-id file.
[   11.483988] random: nonblocking pool is initialized
[   12.334965] systemd[1]: Listening on udev Kernel Socket.
[[0;32m  OK  [0m] Listening on udev Kernel Socket.
[   12.442394] systemd[1]: Started Forward Password Requests to Wall Directory Watch.
[[0;32m  OK  [0m] Started Forward Password Requests to Wall Directory Watch.
[   12.451381] systemd[1]: Listening on LVM2 poll daemon socket.
[[0;32m  OK  [0m] Listening on LVM2 poll daemon socket.
[   12.464813] systemd[1]: Reached target User and Group Name Lookups.
[[0;32m  OK  [0m] Reached target User and Group Name Lookups.
[   12.468839] systemd[1]: Listening on Journal Socket (/dev/log).
[[0;32m  OK  [0m] Listening on Journal Socket (/dev/log).
[   12.486905] systemd[1]: Started Trigger resolvconf update for networkd DNS.
[[0;32m  OK  [0m] Started Trigger resolvconf update for networkd DNS.
[   12.498202] systemd[1]: Created slice System Slice.
[[0;32m  OK  [0m] Created slice System Slice.
[   12.504471] systemd[1]: Reached target Swap.
[[0;32m  OK  [0m] Reached target Swap.
[   12.552608] systemd[1]: Listening on /dev/initctl Compatibility Named Pipe.
[[0;32m  OK  [0m] Listening on /dev/initctl Compatibility Named Pipe.
[   12.571892] systemd[1]: Listening on Journal Socket.
[[0;32m  OK  [0m] Listening on Journal Socket.
[   12.609877] systemd[1]: Starting Uncomplicated firewall...
         Starting Uncomplicated firewall...
[   12.654822] systemd[1]: Mounting POSIX Message Queue File System...
         Mounting POSIX Message Queue File System...
[   12.678046] systemd[1]: Mounting Huge Pages File System...
         Mounting Huge Pages File System...
[   12.686416] systemd[1]: Listening on udev Control Socket.
[[0;32m  OK  [0m] Listening on udev Control Socket.
[   12.694420] systemd[1]: Created slice User and Session Slice.
[[0;32m  OK  [0m] Created slice User and Session Slice.
[   12.753642] systemd[1]: Starting Load Kernel Modules...
         Starting Load Kernel Modules...
[   12.767918] systemd[1]: Listening on Journal Audit Socket.
[[0;32m  OK  [0m] Listening on Journal Audit Socket.
[   12.781510] systemd[1]: Starting Set console keymap...
         Starting Set console keymap...
[   12.796917] systemd[1]: Starting Create list of required static device nodes for the current kernel...
         Starting Create list of required st... nodes for the current kernel...
[   12.811681] systemd[1]: Reached target Encrypted Volumes.
[[0;32m  OK  [0m] Reached target Encrypted Volumes.
[   12.830100] systemd[1]: Starting Remount Root and Kernel File Systems...
         Starting Remount Root and Kernel File Systems...
[   12.852807] systemd[1]: Set up automount Arbitrary Executable File Formats File System Automount Point.
[[0;32m  OK  [0m] Set up automount Arbitrary Executab...ats File System Automount Point.
[   12.884949] systemd[1]: Reached target System Time Synchronized.
[   12.928644] Loading iSCSI transport class v2.0-870.
[[0;32m  OK  [0m] Reached target System Time Synchronized.
[   12.933237] systemd[1]: Listening on Syslog Socket.
[[0;32m  OK  [0m] Listening on[   12.948034] EXT4-fs (sda1): re-mounted. Opts: (null)
 Syslog Socket.
[   12.974580] systemd[1]: Listening on LVM2 metadata daemon socket.
[[0;32m  OK  [0m] Listening on LVM2 metadata daemon socket.
[   13.000560] systemd[1]: Created slice system-serial\x2dgetty.slice.
[[0;32m  OK  [0m] Created slic[   13.010165] iscsi: registered transport (tcp)
e system-serial\x2dgetty.slice.
[   13.069490] systemd[1]: Starting Journal Service...
         Starting Journal Service...
[   13.094529] systemd[1]: Listening on Device-mapper event daemon FIFOs.
[[0;32m  OK  [0m] Listening on Device-mapper event daemon FIFOs.
[   13.161493] systemd[1]: Starting Monitoring of LVM2 mirrors, snapshots etc. using dmeventd or progress polling...
         Starting Monitoring of LVM2 mirrors... dmeventd or progress polling...
[   13.194768] systemd[1]: Reached target Slices.
[[0;32m  OK  [0m] Reached target Slices.
[   13.241829] systemd[1]: Starting Nameserver information manager...
         Starting Nameserver information manager...
[   13.270891] systemd[1]: Mounting Debug File System...
         Mounting Debug File System...
[   13.311676] systemd[1]: Mounted POSIX Message Queue File System.
[[0;32m  OK  [0m] Mounted POSIX Message Queue File System.
[   13.332642] systemd[1]: Mounted Huge Pages File System.
[[0;32m  OK  [0m] Mounted Huge Pages File System.
[   13.355952] systemd[1]: Started Uncomplicated firewall.
[[0;32m  OK  [0m] Started Uncomplicated firewall.
[   13.382989] iscsi: registered transport (iser)
[   13.395833] systemd[1]: Started Create list of required static device nodes for the current kernel.
[[0;32m  OK  [0m] Started Create list of required sta...ce nodes for the current kernel.
[   13.448554] systemd[1]: Started Load Kernel Modules.
[[0;32m  OK  [0m] Started Load Kernel Modules.
[   13.463942] systemd[1]: Started Set console keymap.
[[0;32m  OK  [0m] Started Set console keymap.
[   13.473042] systemd[1]: Started Remount Root and Kernel File Systems.
[[0;32m  OK  [0m] Started Remount Root and Kernel File Systems.
[   13.511737] systemd[1]: Mounted Debug File System.
[[0;32m  OK  [0m] Mounted Debug File System.
[   13.551055] systemd[1]: Started Nameserver information manager.
[[0;32m  OK  [0m] Started Nameserver information manager.
[   13.590189] systemd[1]: Started Journal Service.
[[0;32m  OK  [0m] Started Journal Service.
[[0;32m  OK  [0m] Started LVM2 metadata daemon.
         Starting Flush Journal to Persistent Storage...
         Starting udev Coldplug all Devices...
         Starting Load/Save Random Seed...
         Mounting FUSE Control File System...
         Starting Apply Kernel Variables...
         Starting Create Static Device Nodes in /dev...
[[0;32m  OK  [0m] Mounted FUSE Control File System.
[[0;32m  OK  [0m] Started Load/Save Random Seed.
[   14.108508] systemd-journald[378]: Received request to flush runtime journal from PID 1
[[0;32m  OK  [0m] Started Apply Kernel Variables.
[[0;32m  OK  [0m] Started Create Static Device Nodes in /dev.
[[0;32m  OK  [0m] Started Flush Journal to Persistent Storage.
         Starting udev Kernel Device Manager...
[[0;32m  OK  [0m] Started Monitoring of LVM2 mirrors,...ng dmeventd or progress polling.
[[0;32m  OK  [0m] Reached target Local File Systems (Pre).
[[0;32m  OK  [0m] Reached target Local File Systems.
         Starting Create Volatile Files and Directories...
         Starting LSB: AppArmor initialization...
         Starting Initial cloud-init job (pre-networking)...
         Starting Commit a transient machine-id on disk...
         Starting Set console font and keymap...
         Starting Tell Plymouth To Write Out Runtime Data...
[[0;32m  OK  [0m] Started Create Volatile Files and Directories.
[[0;32m  OK  [0m] Started udev Coldplug all Devices.
[[0;32m  OK  [0m] Started Commit a transient machine-id on disk.
[[0;32m  OK  [0m] Started Tell Plymouth To Write Out Runtime Data.
         Starting Update UTMP about System Boot/Shutdown...
[[0;32m  OK  [0m] Started Update UTMP about System Boot/Shutdown.
[[0;32m  OK  [0m] Started udev Kernel Device Manager.
[[0;32m  OK  [0m] Started Dispatch Password Requests to Console Directory Watch.
[[0;32m  OK  [0m] Found device /dev/ttyS0.
[[0;32m  OK  [0m] Listening on Load/Save RF Kill Switch Status /dev/rfkill Watch.
[[0;32m  OK  [0m] Started LSB: AppArmor initialization.
[   18.686536] cloud-init[465]: Cloud-init v. 19.1-1-gbaa47854-0ubuntu1~16.04.1 running 'init-local' at Thu, 22 Aug 2019 15:50:06 +0000. Up 16.98 seconds.
[[0;32m  OK  [0m] Started Initial cloud-init job (pre-networking).
[[0;32m  OK  [0m] Reached target Network (Pre).
         Starting Raise network interfaces...
[[0;32m  OK  [0m] Started Set console font and keymap.
[[0;32m  OK  [0m] Created slice system-getty.slice.
[[0;32m  OK  [0m] Started Raise network interfaces.
[[0;32m  OK  [0m] Reached target Network.
         Starting Initial cloud-init job (metadata service crawler)...
[   25.256175] cloud-init[943]: Cloud-init v. 19.1-1-gbaa47854-0ubuntu1~16.04.1 running 'init' at Thu, 22 Aug 2019 15:50:11 +0000. Up 22.21 seconds.
[   25.274908] cloud-init[943]: ci-info: ++++++++++++++++++++++++++++++++++++++Net device info++++++++++++++++++++++++++++++++++++++
[   25.363090] cloud-init[943]: ci-info: +--------+------+----------------------------+---------------+--------+-------------------+
[   25.376909] cloud-init[943]: ci-info: | Device |  Up  |          Address           |      Mask     | Scope  |     Hw-Address    |
[[   25.485943] cloud-init[943]: ci-info: +--------+------+----------------------------+---------------+--------+-------------------+[0;32m  OK  [0m] Started Initial cloud-init job (metadata service crawler).

[   25.512245] [[0;32m  OK  [0m] Reached target Network is Online.
cloud-init[943]: ci-info: | enp0s3 | True |         10.0.2.15          | 255.255.255.0 | global | 02:1e:e5:6d:71:21 |
[   25.519291] cloud-init[943]: ci-info: | enp0s3 | True | fe80::1e:e5ff:fe6d:7121/64 |       .       |  link  | 02:1e:e5:6d:71:21 |
[   25.525060] cloud-init[943]: ci-info: |   lo   | True |         127.0.0.1          |   255.0.0.0   |  host  |         .         |
[   25.529964] cloud-init[943]: ci-info: |   lo   | True |          ::1/128           |       .       |  host  |         .         |
[   25.534727]          Starting iSCSI initiator daemon (iscsid)...
[[0;32m  OK  [0m] Reached target System Initialization.
[[0;32m  OK  [0m] Listening on UUID daemon activation socket.
[[0;32m  OK  [0m] Listening on D-Bus System Message Bus Socket.
cloud-init[943]: ci-info: +--------+------+----------------------------+---------------+--------+-------------------+
[   25.557030] cloud-init[943]: ci-info: +++++++++++++++++++++++++++Route IPv4 info++++++++++++++++++++++++++++
[   25.560676] cloud-init[943]: ci-info: +-------+-------------+----------+---------------+-----------+-------+
[   25.569629] cloud-init[943]: ci-info: | Route | Destination | Gateway  |    Genmask    | Interface | Flags |
[   25.575778] cloud-init[943]: ci-info: +-------+-------------+----------+---------------+-----------+-------+
[   25.583482] [[0;32m  OK  [0m] Started Daily apt download activities.
[[0;32m  OK  [0m] Started Daily Cleanup of Temporary Directories.
[[0;32m  OK  [0m] Started ACPI Events Check.
[[0;32m  OK  [0m] Reached target Paths.
[[0;32m  OK  [0m] Listening on ACPID Listen Socket.
[[0;32m  OK  [0mcloud-init[943]: ci-info: |   0   |   0.0.0.0   | 10.0.2.2 |    0.0.0.0    |   enp0s3  |   UG  |
[   25.605098] cloud-init[943]: ci-info: |   1   |   10.0.2.0  | 0.0.0.0  | 255.255.255.0 |   enp0s3  |   U   |
[   25.605392] cloud-init[943]: ci-info: +-------+-------------+----------+---------------+-----------+-------+
[   25.607532] ] Started Daily apt upgrade and clean activities.
[[0;32m  OK  [0m] Reached target Timers.
cloud-init[943]: ci-info: +++++++++++++++++++Route IPv6 info+++++++++++++++++++
         Starting Socket activation for snappy daemon.
[   25.642526] cloud-init[943]: ci-info: +-------+-------------+---------+-----------+-------+
[   25.725339] cloud-init[943]: ci-info: | Route | Destination | Gateway | Interface | Flags |
         Starting LXD - unix socket.
[   25.726510] cloud-init[943]: ci-info: +-------+-------------+---------+-----------+-------+
[   25.751425] cloud-init[943]: ci-info: |   0   |  fe80::/64  |    ::   |   enp0s3  |   U   |
[[0;32m  OK  [0m] Reached target Cloud-config availability.
[   25.751969] cloud-init[943]: ci-info: |   3   |   ff00::/8  |    ::   |   enp0s3  |   U   |
[   25.813643] cloud-init[943]: ci-info: +-------+-------------+---------+-----------+-------+
[[0;32m  OK  [0m] Listening on Socket activation for snappy daemon.
[[0;32m  OK  [0m[   25.827391] cloud-init[943]: Generating public/private rsa key pair.] Listening on LXD - unix socket.

[   25.858588] cloud-init[943]: Your identification has been saved in /etc/ssh/ssh_host_rsa_key.
[   25.867464] cloud-init[943]: Your public key has been saved in /etc/ssh/ssh_host_rsa_key.pub.
[   25.882151] cloud-init[943]: The key fingerprint is:
[   25.946604] cloud-init[943]: SHA256:FbtHKqq2nF84p8LBdwqW5WNm8svY9Ch8knh/hQxMgrM root@ubuntu-xenial
[   25.950088] cloud-init[943]: The key's randomart image is:
[   25.967939] [[0;32m  OK  [0m] Started iSCSI initiator daemon (iscsid).
cloud-init[943]: +---[RSA 2048]----+
[   25.980873] cloud-init[943]: |   .      .      |
[   25.999422] cloud-init[943]: |  o . .    o     |
[   26.006544] cloud-init[943]: |   o +    o .    |
[   26.026597] cloud-init[943]: |  E   +  . +     |
[   26.047649] cloud-init[943]: |   . + oS.o .    |
[   26.067371]          cloud-initStarting Login to default iSCSI targets...[943]: 
|    B Bo+...     |
[   26.118639] [cloud-init[0;32m  OK  [0m[943]: ] |   = @=+o.       |Reached target Sockets.

[   26.164607] cloud-init[943]: |  ..XB+B.        |
[[0;32m  OK  [0m] Reached target Basic System.
[   26.166265] cloud-init[943]: |   o*OOo.        |
[   26.235178] cloud-init[943]: +----[SHA256]-----+
[   26.262569] cloud-init[943]: Generating public/private dsa key pair.
[[0;32m  OK  [0m] Started Regular background program processing daemon.
[   26.289300] cloud-init[943]: Your identification has been saved in /etc/ssh/ssh_host_dsa_key.
[   26.301616] cloud-init[943]: Your public key has been saved in /etc/ssh/ssh_host_dsa_key.pub.
[   26.341340] cloud-init[943]: The key fingerprint is:
[   26.380226]          cloud-initStarting Login Service...[943]: 
SHA256:OYSZZZvaeDbKGLgIUrvO9rtnm7BvZIqqRu/tlAUwqQo root@ubuntu-xenial
[   26.426045] cloud-init[943]: The key's randomart image is:
[[0;32m  OK  [0m] Started FUSE filesystem for LXC.
[   26.435929] cloud-init[943]: +---[DSA 1024]----+
[   26.460509] cloud-init[943]: |   o.   o        |
[   26.477716] cloud-init[943]: |   .o  * o       |
[   26.491480] cloud-init[943]: |  o  .+ +        |
         Starting Virtualbox guest utils...
[   26.492960] cloud-init[943]: |Eo o  .= .       |
[   26.562746] cloud-init[943]: |= o . o.S        |
[   26.566185] cloud-init[943]: |+o o +=+ o       |
[[   26.591041] cloud-init[943]: |o +.o*o          |
[   26.597438] [0;32m  OK  [0m] Started ACPI event daemon.
cloud-init[943]: | +o.+o+.         |
[[0;32m  OK  [0m] Started D-Bus System Message Bus.
[   26.636905] cloud-init[943]: |=o+o*X+.         |
[   26.713926] cloud-init[943]: +----[SHA256]-----+
[   26.718040] cloud-init[943]: Generating public/private ecdsa key pair.
[   26.723106] cloud-init[943]: Your identification has been saved in /etc/ssh/ssh_host_ecdsa_key.
[   26.738675] cloud-init[943]: Your public key has been saved in /etc/ssh/ssh_host_ecdsa_key.pub.
[   26.740960] cloud-init[943]: The key fingerprint is:
[   26.747515] cloud-init[943]: SHA256:IXHTvbpOyEUUoMVHw1glV9hvCTelWl8IjRx1O82b+pQ root@ubuntu-xenial
[   26.758264] cloud-init[943]: The key's randomart image is:
[   26.763595] cloud-init[943]: +---[ECDSA 256]---+
[   26.766814] cloud-init[943]: |      ..=BB==Oo +|
[   26.822363] cloud-init[943]: |       =oo++=ooBo|
[   26.830205] cloud-init[943]: |      o ...  .*+*|
[   26.835790] cloud-init[943]: |       . o  .o oB|
[   26.856502] cloud-init[943]: |        S ...  +.|
[   26.870275] cloud-init[943]: |       . o.   . .|
[   26.882233] cloud-init[943]: |        o .. . E |
[   26.887587] cloud-init[943]: |         ..   o  |
[   26.913430] cloud-init[943]: |         ..    . |
[   26.920386] cloud-init[943]: +----[SHA256]-----+
[   26.929674] cloud-init[943]: Generating public/private ed25519 key pair.
[   26.935367] cloud-init[943]: Your identification has been saved in /etc/ssh/ssh_host_ed25519_key.
[   26.942205] cloud-init[943]: Your public key has been saved in /etc/ssh/ssh_host_ed25519_key.pub.
         Starting Accounts Service...
[   26.950238] cloud-init[943]: The key fingerprint is:
[   26.956377] cloud-init[943]: SHA256:JkHXWpWaeSjXrc1bPV+J8jBXfUyHpzzAKexlT2m7Q0w root@ubuntu-xenial
[   26.962661] cloud-init[943]: The key's randomart image is:
[   26.967078] cloud-init[943]: +--[ED25519 256]--+
[   26.970775] cloud-init[943]: |      . .o o.o o |
[   26.976593] cloud-init[943]: |     . .  = B E +|
[   26.980738] cloud-init[943]: |      .  + X X *o|
[   26.985922] cloud-init[943]: |       .o B o X.+|
[   26.992773] cloud-init[943]: |      . So . =oo+|
[   27.019014] cloud-init[943]: |       o   +.o=o+|
[   27.052593] cloud-init[943]: |            *  ++|
         Starting System Logging Service...
[   27.053326] cloud-init[943]: |             .. .|
[   27.203639] cloud-init[943]: |                 |
         Starting Pollinate to seed the pseudo random number generator...
[   27.211352] cloud-init[943]: +----[SHA256]-----+
         Starting LXD - container startup/shutdown...
         Starting /etc/rc.local Compatibility...
         Starting LSB: MD monitoring daemon...
         Starting Snappy daemon...
[[0;32m  OK  [0m] Started Deferred execution scheduler.
         Starting LSB: Record successful boot for GRUB...
[[0;32m  OK  [0m] Started System Logging Service.
[[0;32m  OK  [0m] Started /etc/rc.local Compatibility.
[[0;32m  OK  [0m] Started Login Service.
[[0;32m  OK  [0m] Started Unattended Upgrades Shutdown.
         Starting Authenticate and Authorize Users to Run Privileged Tasks...
[[0;32m  OK  [0m] Started Login to default iSCSI targets.
[[0;32m  OK  [0m] Reached target Remote File Systems (Pre).
[[0;32m  OK  [0m] Reached target Remote File Systems.
         Starting Permit User Sessions...
         Starting LSB: daemon to balance interrupts for SMP systems...
         Starting LSB: Set the CPU Frequency Scaling governor to "ondemand"...
         Starting LSB: automatic crash report generation...
[[0;32m  OK  [0m] Started Permit User Sessions.
[[0;32m  OK  [0m] Started LSB: Record successful boot for GRUB.
         Starting Hold until boot process finishes up...
         Starting Terminate Plymouth Boot Screen...
[[0;32m  OK  [0m] Started Hold until boot process finishes up.
         Starting Set console scheme...
[[0;32m  OK  [0m] Started Getty on tty1.
[[0;32m  OK  [0m] Started Serial Getty on ttyS0.
[[0;32m  OK  [0m] Reached target Login Prompts.
[[0;32m  OK  [0m] Started LSB: MD monitoring daemon.
[[0;32m  OK  [0m] Started Terminate Plymouth Boot Screen.
[[0;32m  OK  [0m] Started Set console scheme.
[[0;32m  OK  [0m] Started Authenticate and Authorize Users to Run Privileged Tasks.
[[0;32m  OK  [0m] Started Accounts Service.
[[0;32m  OK  [0m] Started LXD - container startup/shutdown.
[[0;32m  OK  [0m] Started LSB: Set the CPU Frequency Scaling governor to "ondemand".
[[0;32m  OK  [0m] Started LSB: automatic crash report generation.
[[0;32m  OK  [0m] Started LSB: daemon to balance interrupts for SMP systems.
[[0;32m  OK  [0m] Started Virtualbox guest utils.
[[0;32m  OK  [0m] Started Snappy daemon.
         Starting Wait until snapd is fully seeded...
[[0;32m  OK  [0m] Started Pollinate to seed the pseudo random number generator.
         Starting OpenBSD Secure Shell server...
[[0;32m  OK  [0m] Started OpenBSD Secure Shell server.
[[0;32m  OK  [0m] Created slice User Slice of vagrant.
         Starting User Manager for UID 1000...
[[0;32m  OK  [0m] Started Session 1 of user vagrant.
[[0;32m  OK  [0m] Started User Manager for UID 1000.

Ubuntu 16.04.6 LTS ubuntu-xenial ttyS0

ubuntu-xenial login: [   36.977365] cloud-init[1367]: Generating locales (this might take a while)...
[   40.425597] cloud-init[1367]:   en_US.UTF-8... done
[   40.440291] cloud-init[1367]: Generation complete.
[   42.236596] cloud-init[1367]: Cloud-init v. 19.1-1-gbaa47854-0ubuntu1~16.04.1 running 'modules:config' at Thu, 22 Aug 2019 15:50:25 +0000. Up 36.24 seconds.
ci-info: no authorized ssh keys fingerprints found for user ubuntu.
<14>Aug 22 15:50:33 ec2: 
<14>Aug 22 15:50:33 ec2: #############################################################
<14>Aug 22 15:50:33 ec2: -----BEGIN SSH HOST KEY FINGERPRINTS-----
<14>Aug 22 15:50:33 ec2: 1024 SHA256:OYSZZZvaeDbKGLgIUrvO9rtnm7BvZIqqRu/tlAUwqQo root@ubuntu-xenial (DSA)
<14>Aug 22 15:50:33 ec2: 256 SHA256:IXHTvbpOyEUUoMVHw1glV9hvCTelWl8IjRx1O82b+pQ root@ubuntu-xenial (ECDSA)
<14>Aug 22 15:50:33 ec2: 256 SHA256:JkHXWpWaeSjXrc1bPV+J8jBXfUyHpzzAKexlT2m7Q0w root@ubuntu-xenial (ED25519)
<14>Aug 22 15:50:33 ec2: 2048 SHA256:FbtHKqq2nF84p8LBdwqW5WNm8svY9Ch8knh/hQxMgrM root@ubuntu-xenial (RSA)
<14>Aug 22 15:50:33 ec2: -----END SSH HOST KEY FINGERPRINTS-----
<14>Aug 22 15:50:33 ec2: #############################################################
-----BEGIN SSH HOST KEY KEYS-----
ecdsa-sha2-nistp256 AAAAE2VjZHNhLXNoYTItbmlzdHAyNTYAAAAIbmlzdHAyNTYAAABBBGHuu1+KJ/wlskZ7suoJ/jGxLptDKcadKD4RcyvnxFlyxMz67891L98l1P2XbJ+aU8l9djrwXDTF8bUME8bExMs= root@ubuntu-xenial
ssh-ed25519 AAAAC3NzaC1lZDI1NTE5AAAAIN/zuakhjJcsjOFLMsxUdFQIlyUtjf52n7RfKA3jFJ8e root@ubuntu-xenial
ssh-rsa AAAAB3NzaC1yc2EAAAADAQABAAABAQDdHxgBAB2L3sbFY3qKz+Sfdy9BedBFU7KrRSY1UCRhBfcFY8yWdr+UhoHfO99XxoQt0KxsmLvoZq6LGkEAimGg/5k3whyJ5UHUyKz9dXl74PhW/Y+03UjUAxKEzzCB4qEkc4HReiGHD4zBtkugtP2Jc+bQ3kew8WZmwNoknedkzENwyeR6cGJyZzkiZ687FCU7hp62Bu9knIx0pnMee5kSlT+d/16ebezxMyGtTYd6VIunD600Y3n5OKDdqgQXddWlZhNsD0ksldGyQ0Mk+Jc5bbXrPNouLPSNAJyu1HAy4W/s4fYwQY8xGHTqzeeIkp/LllIezeraN/l8NqBYUu09 root@ubuntu-xenial
-----END SSH HOST KEY KEYS-----
[   43.947170] cloud-init[1523]: Cloud-init v. 19.1-1-gbaa47854-0ubuntu1~16.04.1 running 'modules:final' at Thu, 22 Aug 2019 15:50:32 +0000. Up 43.28 seconds.
[   43.948353] cloud-init[1523]: ci-info: no authorized ssh keys fingerprints found for user ubuntu.
[   43.949338] cloud-init[1523]: Cloud-init v. 19.1-1-gbaa47854-0ubuntu1~16.04.1 finished at Thu, 22 Aug 2019 15:50:33 +0000. Datasource DataSourceNoCloud [seed=/dev/sdb][dsmode=net].  Up 43.91 seconds
